{"/Users/jimhuertas/Documents/Apps/Final-Challenge/codegen.ts": {"path":"/Users/jimhuertas/Documents/Apps/Final-Challenge/codegen.ts","all":true,"statementMap":{"1":{"start":{"line":2,"column":0},"end":{"line":2,"column":31}},"2":{"start":{"line":3,"column":0},"end":{"line":3,"column":55}},"3":{"start":{"line":4,"column":0},"end":{"line":4,"column":53}},"4":{"start":{"line":5,"column":0},"end":{"line":5,"column":14}},"5":{"start":{"line":6,"column":0},"end":{"line":6,"column":29}},"6":{"start":{"line":7,"column":0},"end":{"line":7,"column":23}},"7":{"start":{"line":8,"column":0},"end":{"line":8,"column":21}},"8":{"start":{"line":9,"column":0},"end":{"line":9,"column":26}},"9":{"start":{"line":10,"column":0},"end":{"line":10,"column":8}},"10":{"start":{"line":11,"column":0},"end":{"line":11,"column":15}},"11":{"start":{"line":12,"column":0},"end":{"line":12,"column":29}},"12":{"start":{"line":13,"column":0},"end":{"line":13,"column":27}},"13":{"start":{"line":14,"column":0},"end":{"line":14,"column":8}},"14":{"start":{"line":15,"column":0},"end":{"line":15,"column":6}},"15":{"start":{"line":16,"column":0},"end":{"line":16,"column":4}},"16":{"start":{"line":17,"column":0},"end":{"line":17,"column":26}},"17":{"start":{"line":18,"column":0},"end":{"line":18,"column":2}},"18":{"start":{"line":19,"column":0},"end":{"line":19,"column":22}}},"s":{"1":0,"2":0,"3":0,"4":0,"5":0,"6":0,"7":0,"8":0,"9":0,"10":0,"11":0,"12":0,"13":0,"14":0,"15":0,"16":0,"17":0,"18":0},"branchMap":{"0":{"type":"branch","line":1,"loc":{"start":{"line":1,"column":470},"end":{"line":19,"column":22}},"locations":[{"start":{"line":1,"column":470},"end":{"line":19,"column":22}}]}},"b":{"0":[1]},"fnMap":{"0":{"name":"(empty-report)","decl":{"start":{"line":1,"column":470},"end":{"line":19,"column":22}},"loc":{"start":{"line":1,"column":470},"end":{"line":19,"column":22}},"line":1}},"f":{"0":1}}
,"/Users/jimhuertas/Documents/Apps/Final-Challenge/src/TodoManagerApp.tsx": {"path":"/Users/jimhuertas/Documents/Apps/Final-Challenge/src/TodoManagerApp.tsx","all":true,"statementMap":{"0":{"start":{"line":1,"column":0},"end":{"line":1,"column":50}},"1":{"start":{"line":2,"column":0},"end":{"line":2,"column":31}},"2":{"start":{"line":3,"column":0},"end":{"line":3,"column":53}},"3":{"start":{"line":4,"column":0},"end":{"line":4,"column":36}},"5":{"start":{"line":6,"column":0},"end":{"line":6,"column":54}},"6":{"start":{"line":7,"column":0},"end":{"line":7,"column":50}},"7":{"start":{"line":8,"column":0},"end":{"line":8,"column":56}},"8":{"start":{"line":9,"column":0},"end":{"line":9,"column":77}},"9":{"start":{"line":10,"column":0},"end":{"line":10,"column":54}},"10":{"start":{"line":11,"column":0},"end":{"line":11,"column":56}},"11":{"start":{"line":12,"column":0},"end":{"line":12,"column":72}},"12":{"start":{"line":13,"column":0},"end":{"line":13,"column":61}},"14":{"start":{"line":15,"column":0},"end":{"line":15,"column":37}},"15":{"start":{"line":16,"column":0},"end":{"line":16,"column":40}},"16":{"start":{"line":17,"column":0},"end":{"line":17,"column":22}},"17":{"start":{"line":18,"column":0},"end":{"line":18,"column":45}},"18":{"start":{"line":19,"column":0},"end":{"line":19,"column":5}},"20":{"start":{"line":21,"column":0},"end":{"line":21,"column":10}},"21":{"start":{"line":22,"column":0},"end":{"line":22,"column":18}},"22":{"start":{"line":23,"column":0},"end":{"line":23,"column":56}},"23":{"start":{"line":24,"column":0},"end":{"line":24,"column":43}},"26":{"start":{"line":27,"column":0},"end":{"line":27,"column":44}},"27":{"start":{"line":28,"column":0},"end":{"line":28,"column":23}},"28":{"start":{"line":29,"column":0},"end":{"line":29,"column":33}},"29":{"start":{"line":30,"column":0},"end":{"line":30,"column":27}},"30":{"start":{"line":31,"column":0},"end":{"line":31,"column":41}},"31":{"start":{"line":32,"column":0},"end":{"line":32,"column":50}},"32":{"start":{"line":33,"column":0},"end":{"line":33,"column":29}},"33":{"start":{"line":34,"column":0},"end":{"line":34,"column":28}},"34":{"start":{"line":35,"column":0},"end":{"line":35,"column":34}},"35":{"start":{"line":36,"column":0},"end":{"line":36,"column":24}},"36":{"start":{"line":37,"column":0},"end":{"line":37,"column":23}},"37":{"start":{"line":38,"column":0},"end":{"line":38,"column":20}},"39":{"start":{"line":40,"column":0},"end":{"line":40,"column":2}}},"s":{"0":0,"1":0,"2":0,"3":0,"5":0,"6":0,"7":0,"8":0,"9":0,"10":0,"11":0,"12":0,"14":0,"15":0,"16":0,"17":0,"18":0,"20":0,"21":0,"22":0,"23":0,"26":0,"27":0,"28":0,"29":0,"30":0,"31":0,"32":0,"33":0,"34":0,"35":0,"36":0,"37":0,"39":0},"branchMap":{"0":{"type":"branch","line":1,"loc":{"start":{"line":1,"column":1360},"end":{"line":40,"column":2}},"locations":[{"start":{"line":1,"column":1360},"end":{"line":40,"column":2}}]}},"b":{"0":[0]},"fnMap":{"0":{"name":"(empty-report)","decl":{"start":{"line":1,"column":1360},"end":{"line":40,"column":2}},"loc":{"start":{"line":1,"column":1360},"end":{"line":40,"column":2}},"line":1}},"f":{"0":0}}
,"/Users/jimhuertas/Documents/Apps/Final-Challenge/src/main.tsx": {"path":"/Users/jimhuertas/Documents/Apps/Final-Challenge/src/main.tsx","all":true,"statementMap":{"0":{"start":{"line":1,"column":0},"end":{"line":1,"column":35}},"1":{"start":{"line":2,"column":0},"end":{"line":2,"column":46}},"3":{"start":{"line":4,"column":0},"end":{"line":4,"column":50}},"5":{"start":{"line":6,"column":0},"end":{"line":6,"column":21}},"6":{"start":{"line":7,"column":0},"end":{"line":7,"column":52}},"7":{"start":{"line":8,"column":0},"end":{"line":8,"column":14}},"8":{"start":{"line":9,"column":0},"end":{"line":9,"column":22}},"9":{"start":{"line":10,"column":0},"end":{"line":10,"column":15}},"10":{"start":{"line":11,"column":0},"end":{"line":11,"column":2}}},"s":{"0":0,"1":0,"3":0,"5":0,"6":0,"7":0,"8":0,"9":0,"10":0},"branchMap":{"0":{"type":"branch","line":1,"loc":{"start":{"line":1,"column":230},"end":{"line":11,"column":-183}},"locations":[{"start":{"line":1,"column":230},"end":{"line":11,"column":-183}}]}},"b":{"0":[0]},"fnMap":{"0":{"name":"(empty-report)","decl":{"start":{"line":1,"column":230},"end":{"line":11,"column":-183}},"loc":{"start":{"line":1,"column":230},"end":{"line":11,"column":-183}},"line":1}},"f":{"0":0}}
,"/Users/jimhuertas/Documents/Apps/Final-Challenge/src/__generated__/fragment-masking.ts": {"path":"/Users/jimhuertas/Documents/Apps/Final-Challenge/src/__generated__/fragment-masking.ts","all":true,"statementMap":{"69":{"start":{"line":70,"column":0},"end":{"line":70,"column":35}},"70":{"start":{"line":71,"column":0},"end":{"line":71,"column":52}},"71":{"start":{"line":72,"column":0},"end":{"line":72,"column":15}},"77":{"start":{"line":78,"column":0},"end":{"line":78,"column":67}},"78":{"start":{"line":79,"column":0},"end":{"line":79,"column":29}},"79":{"start":{"line":80,"column":0},"end":{"line":80,"column":1}},"81":{"start":{"line":82,"column":0},"end":{"line":82,"column":33}},"84":{"start":{"line":85,"column":0},"end":{"line":85,"column":44}},"85":{"start":{"line":86,"column":0},"end":{"line":86,"column":33}},"86":{"start":{"line":87,"column":0},"end":{"line":87,"column":1}},"87":{"start":{"line":88,"column":0},"end":{"line":88,"column":47}},"88":{"start":{"line":89,"column":0},"end":{"line":89,"column":49}},"89":{"start":{"line":90,"column":0},"end":{"line":90,"column":41}},"90":{"start":{"line":91,"column":0},"end":{"line":91,"column":7}},"94":{"start":{"line":95,"column":0},"end":{"line":95,"column":46}},"95":{"start":{"line":96,"column":0},"end":{"line":96,"column":26}},"96":{"start":{"line":97,"column":0},"end":{"line":97,"column":18}},"99":{"start":{"line":100,"column":0},"end":{"line":100,"column":29}},"101":{"start":{"line":102,"column":0},"end":{"line":102,"column":35}},"103":{"start":{"line":104,"column":0},"end":{"line":104,"column":48}},"106":{"start":{"line":107,"column":0},"end":{"line":107,"column":40}},"108":{"start":{"line":109,"column":0},"end":{"line":109,"column":62}},"109":{"start":{"line":110,"column":0},"end":{"line":110,"column":77}},"110":{"start":{"line":111,"column":0},"end":{"line":111,"column":1}}},"s":{"69":0,"70":0,"71":0,"77":0,"78":0,"79":0,"81":0,"84":0,"85":0,"86":0,"87":0,"88":0,"89":0,"90":0,"94":0,"95":0,"96":0,"99":0,"101":0,"103":0,"106":0,"108":0,"109":0,"110":0},"branchMap":{"0":{"type":"branch","line":1,"loc":{"start":{"line":1,"column":4056},"end":{"line":111,"column":1}},"locations":[{"start":{"line":1,"column":4056},"end":{"line":111,"column":1}}]}},"b":{"0":[1]},"fnMap":{"0":{"name":"(empty-report)","decl":{"start":{"line":1,"column":4056},"end":{"line":111,"column":1}},"loc":{"start":{"line":1,"column":4056},"end":{"line":111,"column":1}},"line":1}},"f":{"0":1}}
,"/Users/jimhuertas/Documents/Apps/Final-Challenge/src/__generated__/gql.ts": {"path":"/Users/jimhuertas/Documents/Apps/Final-Challenge/src/__generated__/gql.ts","all":true,"statementMap":{"1":{"start":{"line":2,"column":0},"end":{"line":2,"column":35}},"25":{"start":{"line":26,"column":0},"end":{"line":26,"column":30}},"26":{"start":{"line":27,"column":0},"end":{"line":27,"column":237}},"27":{"start":{"line":28,"column":0},"end":{"line":28,"column":32}},"28":{"start":{"line":29,"column":0},"end":{"line":29,"column":140}},"29":{"start":{"line":30,"column":0},"end":{"line":30,"column":32}},"30":{"start":{"line":31,"column":0},"end":{"line":31,"column":128}},"31":{"start":{"line":32,"column":0},"end":{"line":32,"column":29}},"32":{"start":{"line":33,"column":0},"end":{"line":33,"column":113}},"33":{"start":{"line":34,"column":0},"end":{"line":34,"column":29}},"34":{"start":{"line":35,"column":0},"end":{"line":35,"column":147}},"35":{"start":{"line":36,"column":0},"end":{"line":36,"column":33}},"36":{"start":{"line":37,"column":0},"end":{"line":37,"column":124}},"37":{"start":{"line":38,"column":0},"end":{"line":38,"column":29}},"38":{"start":{"line":39,"column":0},"end":{"line":39,"column":121}},"39":{"start":{"line":40,"column":0},"end":{"line":40,"column":30}},"40":{"start":{"line":41,"column":0},"end":{"line":41,"column":80}},"41":{"start":{"line":42,"column":0},"end":{"line":42,"column":30}},"42":{"start":{"line":43,"column":0},"end":{"line":43,"column":2}},"107":{"start":{"line":108,"column":0},"end":{"line":108,"column":37}},"108":{"start":{"line":109,"column":0},"end":{"line":109,"column":42}},"109":{"start":{"line":110,"column":0},"end":{"line":110,"column":1}}},"s":{"1":0,"25":0,"26":0,"27":0,"28":0,"29":0,"30":0,"31":0,"32":0,"33":0,"34":0,"35":0,"36":0,"37":0,"38":0,"39":0,"40":0,"41":0,"42":0,"107":0,"108":0,"109":0},"branchMap":{"0":{"type":"branch","line":1,"loc":{"start":{"line":1,"column":7585},"end":{"line":113,"column":71}},"locations":[{"start":{"line":1,"column":7585},"end":{"line":113,"column":71}}]}},"b":{"0":[1]},"fnMap":{"0":{"name":"(empty-report)","decl":{"start":{"line":1,"column":7585},"end":{"line":113,"column":71}},"loc":{"start":{"line":1,"column":7585},"end":{"line":113,"column":71}},"line":1}},"f":{"0":1}}
,"/Users/jimhuertas/Documents/Apps/Final-Challenge/src/__generated__/graphql.ts": {"path":"/Users/jimhuertas/Documents/Apps/Final-Challenge/src/__generated__/graphql.ts","all":false,"statementMap":{"76":{"start":{"line":77,"column":0},"end":{"line":77,"column":30}},"77":{"start":{"line":78,"column":0},"end":{"line":78,"column":17}},"78":{"start":{"line":79,"column":0},"end":{"line":79,"column":15}},"79":{"start":{"line":80,"column":0},"end":{"line":80,"column":13}},"80":{"start":{"line":81,"column":0},"end":{"line":81,"column":13}},"81":{"start":{"line":82,"column":0},"end":{"line":82,"column":15}},"82":{"start":{"line":83,"column":0},"end":{"line":83,"column":11}},"97":{"start":{"line":98,"column":0},"end":{"line":98,"column":23}},"98":{"start":{"line":99,"column":0},"end":{"line":99,"column":21}},"99":{"start":{"line":100,"column":0},"end":{"line":100,"column":25}},"100":{"start":{"line":101,"column":0},"end":{"line":101,"column":15}},"101":{"start":{"line":102,"column":0},"end":{"line":102,"column":28}},"102":{"start":{"line":103,"column":0},"end":{"line":103,"column":15}},"103":{"start":{"line":104,"column":0},"end":{"line":104,"column":11}},"121":{"start":{"line":122,"column":0},"end":{"line":122,"column":24}},"122":{"start":{"line":123,"column":0},"end":{"line":123,"column":21}},"123":{"start":{"line":124,"column":0},"end":{"line":124,"column":13}},"124":{"start":{"line":125,"column":0},"end":{"line":125,"column":20}},"125":{"start":{"line":126,"column":0},"end":{"line":126,"column":17}},"126":{"start":{"line":127,"column":0},"end":{"line":127,"column":17}},"127":{"start":{"line":128,"column":0},"end":{"line":128,"column":11}},"153":{"start":{"line":154,"column":0},"end":{"line":154,"column":25}},"154":{"start":{"line":155,"column":0},"end":{"line":155,"column":17}},"155":{"start":{"line":156,"column":0},"end":{"line":156,"column":25}},"156":{"start":{"line":157,"column":0},"end":{"line":157,"column":11}},"259":{"start":{"line":260,"column":0},"end":{"line":260,"column":38}},"260":{"start":{"line":261,"column":0},"end":{"line":261,"column":19}},"261":{"start":{"line":262,"column":0},"end":{"line":262,"column":16}},"262":{"start":{"line":263,"column":0},"end":{"line":263,"column":5}},"263":{"start":{"line":264,"column":0},"end":{"line":264,"column":33}},"264":{"start":{"line":265,"column":0},"end":{"line":265,"column":50}},"265":{"start":{"line":266,"column":0},"end":{"line":266,"column":22}},"266":{"start":{"line":267,"column":0},"end":{"line":267,"column":26}},"267":{"start":{"line":268,"column":0},"end":{"line":268,"column":46}},"268":{"start":{"line":269,"column":0},"end":{"line":269,"column":8}},"269":{"start":{"line":270,"column":0},"end":{"line":270,"column":21}},"270":{"start":{"line":271,"column":0},"end":{"line":271,"column":29}},"271":{"start":{"line":272,"column":0},"end":{"line":272,"column":21}},"272":{"start":{"line":273,"column":0},"end":{"line":273,"column":65}},"273":{"start":{"line":274,"column":0},"end":{"line":274,"column":71}},"274":{"start":{"line":275,"column":0},"end":{"line":275,"column":68}},"275":{"start":{"line":276,"column":0},"end":{"line":276,"column":67}},"276":{"start":{"line":277,"column":0},"end":{"line":277,"column":72}},"277":{"start":{"line":278,"column":0},"end":{"line":278,"column":72}},"278":{"start":{"line":279,"column":0},"end":{"line":279,"column":69}},"279":{"start":{"line":280,"column":0},"end":{"line":280,"column":67}},"280":{"start":{"line":281,"column":0},"end":{"line":281,"column":10}},"281":{"start":{"line":282,"column":0},"end":{"line":282,"column":8}},"282":{"start":{"line":283,"column":0},"end":{"line":283,"column":6}},"283":{"start":{"line":284,"column":0},"end":{"line":284,"column":4}},"284":{"start":{"line":285,"column":0},"end":{"line":285,"column":58}},"285":{"start":{"line":286,"column":0},"end":{"line":286,"column":38}},"286":{"start":{"line":287,"column":0},"end":{"line":287,"column":19}},"287":{"start":{"line":288,"column":0},"end":{"line":288,"column":16}},"288":{"start":{"line":289,"column":0},"end":{"line":289,"column":5}},"289":{"start":{"line":290,"column":0},"end":{"line":290,"column":33}},"290":{"start":{"line":291,"column":0},"end":{"line":291,"column":50}},"291":{"start":{"line":292,"column":0},"end":{"line":292,"column":22}},"292":{"start":{"line":293,"column":0},"end":{"line":293,"column":26}},"293":{"start":{"line":294,"column":0},"end":{"line":294,"column":46}},"294":{"start":{"line":295,"column":0},"end":{"line":295,"column":8}},"295":{"start":{"line":296,"column":0},"end":{"line":296,"column":21}},"296":{"start":{"line":297,"column":0},"end":{"line":297,"column":29}},"297":{"start":{"line":298,"column":0},"end":{"line":298,"column":21}},"298":{"start":{"line":299,"column":0},"end":{"line":299,"column":65}},"299":{"start":{"line":300,"column":0},"end":{"line":300,"column":67}},"300":{"start":{"line":301,"column":0},"end":{"line":301,"column":11}},"301":{"start":{"line":302,"column":0},"end":{"line":302,"column":26}},"302":{"start":{"line":303,"column":0},"end":{"line":303,"column":54}},"303":{"start":{"line":304,"column":0},"end":{"line":304,"column":27}},"304":{"start":{"line":305,"column":0},"end":{"line":305,"column":35}},"305":{"start":{"line":306,"column":0},"end":{"line":306,"column":27}},"306":{"start":{"line":307,"column":0},"end":{"line":307,"column":17}},"307":{"start":{"line":308,"column":0},"end":{"line":308,"column":41}},"308":{"start":{"line":309,"column":0},"end":{"line":309,"column":62}},"309":{"start":{"line":310,"column":0},"end":{"line":310,"column":18}},"310":{"start":{"line":311,"column":0},"end":{"line":311,"column":16}},"311":{"start":{"line":312,"column":0},"end":{"line":312,"column":14}},"312":{"start":{"line":313,"column":0},"end":{"line":313,"column":12}},"313":{"start":{"line":314,"column":0},"end":{"line":314,"column":11}},"314":{"start":{"line":315,"column":0},"end":{"line":315,"column":26}},"315":{"start":{"line":316,"column":0},"end":{"line":316,"column":53}},"316":{"start":{"line":317,"column":0},"end":{"line":317,"column":27}},"317":{"start":{"line":318,"column":0},"end":{"line":318,"column":35}},"318":{"start":{"line":319,"column":0},"end":{"line":319,"column":27}},"319":{"start":{"line":320,"column":0},"end":{"line":320,"column":17}},"320":{"start":{"line":321,"column":0},"end":{"line":321,"column":41}},"321":{"start":{"line":322,"column":0},"end":{"line":322,"column":62}},"322":{"start":{"line":323,"column":0},"end":{"line":323,"column":18}},"323":{"start":{"line":324,"column":0},"end":{"line":324,"column":16}},"324":{"start":{"line":325,"column":0},"end":{"line":325,"column":14}},"325":{"start":{"line":326,"column":0},"end":{"line":326,"column":12}},"326":{"start":{"line":327,"column":0},"end":{"line":327,"column":70}},"327":{"start":{"line":328,"column":0},"end":{"line":328,"column":72}},"328":{"start":{"line":329,"column":0},"end":{"line":329,"column":76}},"329":{"start":{"line":330,"column":0},"end":{"line":330,"column":71}},"330":{"start":{"line":331,"column":0},"end":{"line":331,"column":69}},"331":{"start":{"line":332,"column":0},"end":{"line":332,"column":67}},"332":{"start":{"line":333,"column":0},"end":{"line":333,"column":10}},"333":{"start":{"line":334,"column":0},"end":{"line":334,"column":8}},"334":{"start":{"line":335,"column":0},"end":{"line":335,"column":6}},"335":{"start":{"line":336,"column":0},"end":{"line":336,"column":5}},"336":{"start":{"line":337,"column":0},"end":{"line":337,"column":33}},"337":{"start":{"line":338,"column":0},"end":{"line":338,"column":50}},"338":{"start":{"line":339,"column":0},"end":{"line":339,"column":22}},"339":{"start":{"line":340,"column":0},"end":{"line":340,"column":26}},"340":{"start":{"line":341,"column":0},"end":{"line":341,"column":46}},"341":{"start":{"line":342,"column":0},"end":{"line":342,"column":8}},"342":{"start":{"line":343,"column":0},"end":{"line":343,"column":21}},"343":{"start":{"line":344,"column":0},"end":{"line":344,"column":29}},"344":{"start":{"line":345,"column":0},"end":{"line":345,"column":21}},"345":{"start":{"line":346,"column":0},"end":{"line":346,"column":65}},"346":{"start":{"line":347,"column":0},"end":{"line":347,"column":71}},"347":{"start":{"line":348,"column":0},"end":{"line":348,"column":68}},"348":{"start":{"line":349,"column":0},"end":{"line":349,"column":67}},"349":{"start":{"line":350,"column":0},"end":{"line":350,"column":72}},"350":{"start":{"line":351,"column":0},"end":{"line":351,"column":72}},"351":{"start":{"line":352,"column":0},"end":{"line":352,"column":69}},"352":{"start":{"line":353,"column":0},"end":{"line":353,"column":67}},"353":{"start":{"line":354,"column":0},"end":{"line":354,"column":10}},"354":{"start":{"line":355,"column":0},"end":{"line":355,"column":8}},"355":{"start":{"line":356,"column":0},"end":{"line":356,"column":6}},"356":{"start":{"line":357,"column":0},"end":{"line":357,"column":4}},"357":{"start":{"line":358,"column":0},"end":{"line":358,"column":58}},"358":{"start":{"line":359,"column":0},"end":{"line":359,"column":35}},"359":{"start":{"line":360,"column":0},"end":{"line":360,"column":19}},"360":{"start":{"line":361,"column":0},"end":{"line":361,"column":16}},"361":{"start":{"line":362,"column":0},"end":{"line":362,"column":5}},"362":{"start":{"line":363,"column":0},"end":{"line":363,"column":34}},"363":{"start":{"line":364,"column":0},"end":{"line":364,"column":28}},"364":{"start":{"line":365,"column":0},"end":{"line":365,"column":50}},"365":{"start":{"line":366,"column":0},"end":{"line":366,"column":28}},"366":{"start":{"line":367,"column":0},"end":{"line":367,"column":9}},"367":{"start":{"line":368,"column":0},"end":{"line":368,"column":37}},"368":{"start":{"line":369,"column":0},"end":{"line":369,"column":21}},"369":{"start":{"line":370,"column":0},"end":{"line":370,"column":29}},"370":{"start":{"line":371,"column":0},"end":{"line":371,"column":51}},"371":{"start":{"line":372,"column":0},"end":{"line":372,"column":12}},"372":{"start":{"line":373,"column":0},"end":{"line":373,"column":17}},"373":{"start":{"line":374,"column":0},"end":{"line":374,"column":32}},"374":{"start":{"line":375,"column":0},"end":{"line":375,"column":19}},"375":{"start":{"line":376,"column":0},"end":{"line":376,"column":32}},"376":{"start":{"line":377,"column":0},"end":{"line":377,"column":63}},"377":{"start":{"line":378,"column":0},"end":{"line":378,"column":14}},"378":{"start":{"line":379,"column":0},"end":{"line":379,"column":12}},"379":{"start":{"line":380,"column":0},"end":{"line":380,"column":10}},"380":{"start":{"line":381,"column":0},"end":{"line":381,"column":8}},"381":{"start":{"line":382,"column":0},"end":{"line":382,"column":21}},"382":{"start":{"line":383,"column":0},"end":{"line":383,"column":29}},"383":{"start":{"line":384,"column":0},"end":{"line":384,"column":21}},"384":{"start":{"line":385,"column":0},"end":{"line":385,"column":11}},"385":{"start":{"line":386,"column":0},"end":{"line":386,"column":26}},"386":{"start":{"line":387,"column":0},"end":{"line":387,"column":56}},"387":{"start":{"line":388,"column":0},"end":{"line":388,"column":24}},"388":{"start":{"line":389,"column":0},"end":{"line":389,"column":15}},"389":{"start":{"line":390,"column":0},"end":{"line":390,"column":33}},"390":{"start":{"line":391,"column":0},"end":{"line":391,"column":55}},"391":{"start":{"line":392,"column":0},"end":{"line":392,"column":24}},"392":{"start":{"line":393,"column":0},"end":{"line":393,"column":35}},"393":{"start":{"line":394,"column":0},"end":{"line":394,"column":57}},"394":{"start":{"line":395,"column":0},"end":{"line":395,"column":18}},"395":{"start":{"line":396,"column":0},"end":{"line":396,"column":16}},"396":{"start":{"line":397,"column":0},"end":{"line":397,"column":14}},"397":{"start":{"line":398,"column":0},"end":{"line":398,"column":27}},"398":{"start":{"line":399,"column":0},"end":{"line":399,"column":35}},"399":{"start":{"line":400,"column":0},"end":{"line":400,"column":27}},"400":{"start":{"line":401,"column":0},"end":{"line":401,"column":17}},"401":{"start":{"line":402,"column":0},"end":{"line":402,"column":41}},"402":{"start":{"line":403,"column":0},"end":{"line":403,"column":62}},"403":{"start":{"line":404,"column":0},"end":{"line":404,"column":18}},"404":{"start":{"line":405,"column":0},"end":{"line":405,"column":16}},"405":{"start":{"line":406,"column":0},"end":{"line":406,"column":14}},"406":{"start":{"line":407,"column":0},"end":{"line":407,"column":12}},"407":{"start":{"line":408,"column":0},"end":{"line":408,"column":10}},"408":{"start":{"line":409,"column":0},"end":{"line":409,"column":8}},"409":{"start":{"line":410,"column":0},"end":{"line":410,"column":6}},"410":{"start":{"line":411,"column":0},"end":{"line":411,"column":5}},"411":{"start":{"line":412,"column":0},"end":{"line":412,"column":33}},"412":{"start":{"line":413,"column":0},"end":{"line":413,"column":50}},"413":{"start":{"line":414,"column":0},"end":{"line":414,"column":22}},"414":{"start":{"line":415,"column":0},"end":{"line":415,"column":26}},"415":{"start":{"line":416,"column":0},"end":{"line":416,"column":46}},"416":{"start":{"line":417,"column":0},"end":{"line":417,"column":8}},"417":{"start":{"line":418,"column":0},"end":{"line":418,"column":21}},"418":{"start":{"line":419,"column":0},"end":{"line":419,"column":29}},"419":{"start":{"line":420,"column":0},"end":{"line":420,"column":21}},"420":{"start":{"line":421,"column":0},"end":{"line":421,"column":65}},"421":{"start":{"line":422,"column":0},"end":{"line":422,"column":71}},"422":{"start":{"line":423,"column":0},"end":{"line":423,"column":68}},"423":{"start":{"line":424,"column":0},"end":{"line":424,"column":67}},"424":{"start":{"line":425,"column":0},"end":{"line":425,"column":72}},"425":{"start":{"line":426,"column":0},"end":{"line":426,"column":72}},"426":{"start":{"line":427,"column":0},"end":{"line":427,"column":69}},"427":{"start":{"line":428,"column":0},"end":{"line":428,"column":67}},"428":{"start":{"line":429,"column":0},"end":{"line":429,"column":10}},"429":{"start":{"line":430,"column":0},"end":{"line":430,"column":8}},"430":{"start":{"line":431,"column":0},"end":{"line":431,"column":6}},"431":{"start":{"line":432,"column":0},"end":{"line":432,"column":5}},"432":{"start":{"line":433,"column":0},"end":{"line":433,"column":33}},"433":{"start":{"line":434,"column":0},"end":{"line":434,"column":50}},"434":{"start":{"line":435,"column":0},"end":{"line":435,"column":22}},"435":{"start":{"line":436,"column":0},"end":{"line":436,"column":26}},"436":{"start":{"line":437,"column":0},"end":{"line":437,"column":46}},"437":{"start":{"line":438,"column":0},"end":{"line":438,"column":8}},"438":{"start":{"line":439,"column":0},"end":{"line":439,"column":21}},"439":{"start":{"line":440,"column":0},"end":{"line":440,"column":29}},"440":{"start":{"line":441,"column":0},"end":{"line":441,"column":21}},"441":{"start":{"line":442,"column":0},"end":{"line":442,"column":65}},"442":{"start":{"line":443,"column":0},"end":{"line":443,"column":67}},"443":{"start":{"line":444,"column":0},"end":{"line":444,"column":11}},"444":{"start":{"line":445,"column":0},"end":{"line":445,"column":26}},"445":{"start":{"line":446,"column":0},"end":{"line":446,"column":54}},"446":{"start":{"line":447,"column":0},"end":{"line":447,"column":27}},"447":{"start":{"line":448,"column":0},"end":{"line":448,"column":35}},"448":{"start":{"line":449,"column":0},"end":{"line":449,"column":27}},"449":{"start":{"line":450,"column":0},"end":{"line":450,"column":17}},"450":{"start":{"line":451,"column":0},"end":{"line":451,"column":41}},"451":{"start":{"line":452,"column":0},"end":{"line":452,"column":62}},"452":{"start":{"line":453,"column":0},"end":{"line":453,"column":18}},"453":{"start":{"line":454,"column":0},"end":{"line":454,"column":16}},"454":{"start":{"line":455,"column":0},"end":{"line":455,"column":14}},"455":{"start":{"line":456,"column":0},"end":{"line":456,"column":12}},"456":{"start":{"line":457,"column":0},"end":{"line":457,"column":11}},"457":{"start":{"line":458,"column":0},"end":{"line":458,"column":26}},"458":{"start":{"line":459,"column":0},"end":{"line":459,"column":53}},"459":{"start":{"line":460,"column":0},"end":{"line":460,"column":27}},"460":{"start":{"line":461,"column":0},"end":{"line":461,"column":35}},"461":{"start":{"line":462,"column":0},"end":{"line":462,"column":27}},"462":{"start":{"line":463,"column":0},"end":{"line":463,"column":17}},"463":{"start":{"line":464,"column":0},"end":{"line":464,"column":41}},"464":{"start":{"line":465,"column":0},"end":{"line":465,"column":62}},"465":{"start":{"line":466,"column":0},"end":{"line":466,"column":18}},"466":{"start":{"line":467,"column":0},"end":{"line":467,"column":16}},"467":{"start":{"line":468,"column":0},"end":{"line":468,"column":14}},"468":{"start":{"line":469,"column":0},"end":{"line":469,"column":12}},"469":{"start":{"line":470,"column":0},"end":{"line":470,"column":70}},"470":{"start":{"line":471,"column":0},"end":{"line":471,"column":72}},"471":{"start":{"line":472,"column":0},"end":{"line":472,"column":76}},"472":{"start":{"line":473,"column":0},"end":{"line":473,"column":71}},"473":{"start":{"line":474,"column":0},"end":{"line":474,"column":69}},"474":{"start":{"line":475,"column":0},"end":{"line":475,"column":67}},"475":{"start":{"line":476,"column":0},"end":{"line":476,"column":10}},"476":{"start":{"line":477,"column":0},"end":{"line":477,"column":8}},"477":{"start":{"line":478,"column":0},"end":{"line":478,"column":6}},"478":{"start":{"line":479,"column":0},"end":{"line":479,"column":4}},"479":{"start":{"line":480,"column":0},"end":{"line":480,"column":78}},"480":{"start":{"line":481,"column":0},"end":{"line":481,"column":35}},"481":{"start":{"line":482,"column":0},"end":{"line":482,"column":19}},"482":{"start":{"line":483,"column":0},"end":{"line":483,"column":16}},"483":{"start":{"line":484,"column":0},"end":{"line":484,"column":5}},"484":{"start":{"line":485,"column":0},"end":{"line":485,"column":34}},"485":{"start":{"line":486,"column":0},"end":{"line":486,"column":28}},"486":{"start":{"line":487,"column":0},"end":{"line":487,"column":50}},"487":{"start":{"line":488,"column":0},"end":{"line":488,"column":28}},"488":{"start":{"line":489,"column":0},"end":{"line":489,"column":9}},"489":{"start":{"line":490,"column":0},"end":{"line":490,"column":37}},"490":{"start":{"line":491,"column":0},"end":{"line":491,"column":21}},"491":{"start":{"line":492,"column":0},"end":{"line":492,"column":29}},"492":{"start":{"line":493,"column":0},"end":{"line":493,"column":51}},"493":{"start":{"line":494,"column":0},"end":{"line":494,"column":12}},"494":{"start":{"line":495,"column":0},"end":{"line":495,"column":17}},"495":{"start":{"line":496,"column":0},"end":{"line":496,"column":32}},"496":{"start":{"line":497,"column":0},"end":{"line":497,"column":19}},"497":{"start":{"line":498,"column":0},"end":{"line":498,"column":32}},"498":{"start":{"line":499,"column":0},"end":{"line":499,"column":63}},"499":{"start":{"line":500,"column":0},"end":{"line":500,"column":14}},"500":{"start":{"line":501,"column":0},"end":{"line":501,"column":12}},"501":{"start":{"line":502,"column":0},"end":{"line":502,"column":10}},"502":{"start":{"line":503,"column":0},"end":{"line":503,"column":8}},"503":{"start":{"line":504,"column":0},"end":{"line":504,"column":21}},"504":{"start":{"line":505,"column":0},"end":{"line":505,"column":29}},"505":{"start":{"line":506,"column":0},"end":{"line":506,"column":21}},"506":{"start":{"line":507,"column":0},"end":{"line":507,"column":11}},"507":{"start":{"line":508,"column":0},"end":{"line":508,"column":26}},"508":{"start":{"line":509,"column":0},"end":{"line":509,"column":56}},"509":{"start":{"line":510,"column":0},"end":{"line":510,"column":24}},"510":{"start":{"line":511,"column":0},"end":{"line":511,"column":15}},"511":{"start":{"line":512,"column":0},"end":{"line":512,"column":33}},"512":{"start":{"line":513,"column":0},"end":{"line":513,"column":55}},"513":{"start":{"line":514,"column":0},"end":{"line":514,"column":24}},"514":{"start":{"line":515,"column":0},"end":{"line":515,"column":35}},"515":{"start":{"line":516,"column":0},"end":{"line":516,"column":57}},"516":{"start":{"line":517,"column":0},"end":{"line":517,"column":18}},"517":{"start":{"line":518,"column":0},"end":{"line":518,"column":16}},"518":{"start":{"line":519,"column":0},"end":{"line":519,"column":14}},"519":{"start":{"line":520,"column":0},"end":{"line":520,"column":27}},"520":{"start":{"line":521,"column":0},"end":{"line":521,"column":35}},"521":{"start":{"line":522,"column":0},"end":{"line":522,"column":27}},"522":{"start":{"line":523,"column":0},"end":{"line":523,"column":71}},"523":{"start":{"line":524,"column":0},"end":{"line":524,"column":16}},"524":{"start":{"line":525,"column":0},"end":{"line":525,"column":14}},"525":{"start":{"line":526,"column":0},"end":{"line":526,"column":12}},"526":{"start":{"line":527,"column":0},"end":{"line":527,"column":10}},"527":{"start":{"line":528,"column":0},"end":{"line":528,"column":8}},"528":{"start":{"line":529,"column":0},"end":{"line":529,"column":6}},"529":{"start":{"line":530,"column":0},"end":{"line":530,"column":4}},"530":{"start":{"line":531,"column":0},"end":{"line":531,"column":78}},"531":{"start":{"line":532,"column":0},"end":{"line":532,"column":39}},"532":{"start":{"line":533,"column":0},"end":{"line":533,"column":19}},"533":{"start":{"line":534,"column":0},"end":{"line":534,"column":16}},"534":{"start":{"line":535,"column":0},"end":{"line":535,"column":5}},"535":{"start":{"line":536,"column":0},"end":{"line":536,"column":34}},"536":{"start":{"line":537,"column":0},"end":{"line":537,"column":28}},"537":{"start":{"line":538,"column":0},"end":{"line":538,"column":54}},"538":{"start":{"line":539,"column":0},"end":{"line":539,"column":28}},"539":{"start":{"line":540,"column":0},"end":{"line":540,"column":9}},"540":{"start":{"line":541,"column":0},"end":{"line":541,"column":37}},"541":{"start":{"line":542,"column":0},"end":{"line":542,"column":21}},"542":{"start":{"line":543,"column":0},"end":{"line":543,"column":29}},"543":{"start":{"line":544,"column":0},"end":{"line":544,"column":51}},"544":{"start":{"line":545,"column":0},"end":{"line":545,"column":12}},"545":{"start":{"line":546,"column":0},"end":{"line":546,"column":17}},"546":{"start":{"line":547,"column":0},"end":{"line":547,"column":32}},"547":{"start":{"line":548,"column":0},"end":{"line":548,"column":19}},"548":{"start":{"line":549,"column":0},"end":{"line":549,"column":32}},"549":{"start":{"line":550,"column":0},"end":{"line":550,"column":63}},"550":{"start":{"line":551,"column":0},"end":{"line":551,"column":14}},"551":{"start":{"line":552,"column":0},"end":{"line":552,"column":12}},"552":{"start":{"line":553,"column":0},"end":{"line":553,"column":10}},"553":{"start":{"line":554,"column":0},"end":{"line":554,"column":8}},"554":{"start":{"line":555,"column":0},"end":{"line":555,"column":21}},"555":{"start":{"line":556,"column":0},"end":{"line":556,"column":29}},"556":{"start":{"line":557,"column":0},"end":{"line":557,"column":21}},"557":{"start":{"line":558,"column":0},"end":{"line":558,"column":11}},"558":{"start":{"line":559,"column":0},"end":{"line":559,"column":26}},"559":{"start":{"line":560,"column":0},"end":{"line":560,"column":56}},"560":{"start":{"line":561,"column":0},"end":{"line":561,"column":24}},"561":{"start":{"line":562,"column":0},"end":{"line":562,"column":15}},"562":{"start":{"line":563,"column":0},"end":{"line":563,"column":33}},"563":{"start":{"line":564,"column":0},"end":{"line":564,"column":55}},"564":{"start":{"line":565,"column":0},"end":{"line":565,"column":24}},"565":{"start":{"line":566,"column":0},"end":{"line":566,"column":35}},"566":{"start":{"line":567,"column":0},"end":{"line":567,"column":57}},"567":{"start":{"line":568,"column":0},"end":{"line":568,"column":18}},"568":{"start":{"line":569,"column":0},"end":{"line":569,"column":16}},"569":{"start":{"line":570,"column":0},"end":{"line":570,"column":14}},"570":{"start":{"line":571,"column":0},"end":{"line":571,"column":27}},"571":{"start":{"line":572,"column":0},"end":{"line":572,"column":35}},"572":{"start":{"line":573,"column":0},"end":{"line":573,"column":27}},"573":{"start":{"line":574,"column":0},"end":{"line":574,"column":71}},"574":{"start":{"line":575,"column":0},"end":{"line":575,"column":75}},"575":{"start":{"line":576,"column":0},"end":{"line":576,"column":77}},"576":{"start":{"line":577,"column":0},"end":{"line":577,"column":16}},"577":{"start":{"line":578,"column":0},"end":{"line":578,"column":14}},"578":{"start":{"line":579,"column":0},"end":{"line":579,"column":12}},"579":{"start":{"line":580,"column":0},"end":{"line":580,"column":10}},"580":{"start":{"line":581,"column":0},"end":{"line":581,"column":8}},"581":{"start":{"line":582,"column":0},"end":{"line":582,"column":6}},"582":{"start":{"line":583,"column":0},"end":{"line":583,"column":4}},"583":{"start":{"line":584,"column":0},"end":{"line":584,"column":29}},"587":{"start":{"line":588,"column":0},"end":{"line":588,"column":35}},"588":{"start":{"line":589,"column":0},"end":{"line":589,"column":19}},"589":{"start":{"line":590,"column":0},"end":{"line":590,"column":16}},"590":{"start":{"line":591,"column":0},"end":{"line":591,"column":5}},"591":{"start":{"line":592,"column":0},"end":{"line":592,"column":34}},"592":{"start":{"line":593,"column":0},"end":{"line":593,"column":28}},"593":{"start":{"line":594,"column":0},"end":{"line":594,"column":50}},"594":{"start":{"line":595,"column":0},"end":{"line":595,"column":28}},"595":{"start":{"line":596,"column":0},"end":{"line":596,"column":9}},"596":{"start":{"line":597,"column":0},"end":{"line":597,"column":37}},"597":{"start":{"line":598,"column":0},"end":{"line":598,"column":21}},"598":{"start":{"line":599,"column":0},"end":{"line":599,"column":29}},"599":{"start":{"line":600,"column":0},"end":{"line":600,"column":51}},"600":{"start":{"line":601,"column":0},"end":{"line":601,"column":12}},"601":{"start":{"line":602,"column":0},"end":{"line":602,"column":17}},"602":{"start":{"line":603,"column":0},"end":{"line":603,"column":32}},"603":{"start":{"line":604,"column":0},"end":{"line":604,"column":19}},"604":{"start":{"line":605,"column":0},"end":{"line":605,"column":32}},"605":{"start":{"line":606,"column":0},"end":{"line":606,"column":63}},"606":{"start":{"line":607,"column":0},"end":{"line":607,"column":14}},"607":{"start":{"line":608,"column":0},"end":{"line":608,"column":12}},"608":{"start":{"line":609,"column":0},"end":{"line":609,"column":10}},"609":{"start":{"line":610,"column":0},"end":{"line":610,"column":8}},"610":{"start":{"line":611,"column":0},"end":{"line":611,"column":21}},"611":{"start":{"line":612,"column":0},"end":{"line":612,"column":29}},"612":{"start":{"line":613,"column":0},"end":{"line":613,"column":21}},"613":{"start":{"line":614,"column":0},"end":{"line":614,"column":11}},"614":{"start":{"line":615,"column":0},"end":{"line":615,"column":26}},"615":{"start":{"line":616,"column":0},"end":{"line":616,"column":56}},"616":{"start":{"line":617,"column":0},"end":{"line":617,"column":24}},"617":{"start":{"line":618,"column":0},"end":{"line":618,"column":15}},"618":{"start":{"line":619,"column":0},"end":{"line":619,"column":33}},"619":{"start":{"line":620,"column":0},"end":{"line":620,"column":55}},"620":{"start":{"line":621,"column":0},"end":{"line":621,"column":24}},"621":{"start":{"line":622,"column":0},"end":{"line":622,"column":35}},"622":{"start":{"line":623,"column":0},"end":{"line":623,"column":57}},"623":{"start":{"line":624,"column":0},"end":{"line":624,"column":18}},"624":{"start":{"line":625,"column":0},"end":{"line":625,"column":16}},"625":{"start":{"line":626,"column":0},"end":{"line":626,"column":14}},"626":{"start":{"line":627,"column":0},"end":{"line":627,"column":27}},"627":{"start":{"line":628,"column":0},"end":{"line":628,"column":35}},"628":{"start":{"line":629,"column":0},"end":{"line":629,"column":27}},"629":{"start":{"line":630,"column":0},"end":{"line":630,"column":17}},"630":{"start":{"line":631,"column":0},"end":{"line":631,"column":41}},"631":{"start":{"line":632,"column":0},"end":{"line":632,"column":62}},"632":{"start":{"line":633,"column":0},"end":{"line":633,"column":18}},"633":{"start":{"line":634,"column":0},"end":{"line":634,"column":16}},"634":{"start":{"line":635,"column":0},"end":{"line":635,"column":14}},"635":{"start":{"line":636,"column":0},"end":{"line":636,"column":12}},"636":{"start":{"line":637,"column":0},"end":{"line":637,"column":10}},"637":{"start":{"line":638,"column":0},"end":{"line":638,"column":8}},"638":{"start":{"line":639,"column":0},"end":{"line":639,"column":6}},"639":{"start":{"line":640,"column":0},"end":{"line":640,"column":5}},"640":{"start":{"line":641,"column":0},"end":{"line":641,"column":33}},"641":{"start":{"line":642,"column":0},"end":{"line":642,"column":50}},"642":{"start":{"line":643,"column":0},"end":{"line":643,"column":22}},"643":{"start":{"line":644,"column":0},"end":{"line":644,"column":26}},"644":{"start":{"line":645,"column":0},"end":{"line":645,"column":46}},"645":{"start":{"line":646,"column":0},"end":{"line":646,"column":8}},"646":{"start":{"line":647,"column":0},"end":{"line":647,"column":21}},"647":{"start":{"line":648,"column":0},"end":{"line":648,"column":29}},"648":{"start":{"line":649,"column":0},"end":{"line":649,"column":21}},"649":{"start":{"line":650,"column":0},"end":{"line":650,"column":65}},"650":{"start":{"line":651,"column":0},"end":{"line":651,"column":71}},"651":{"start":{"line":652,"column":0},"end":{"line":652,"column":68}},"652":{"start":{"line":653,"column":0},"end":{"line":653,"column":67}},"653":{"start":{"line":654,"column":0},"end":{"line":654,"column":72}},"654":{"start":{"line":655,"column":0},"end":{"line":655,"column":72}},"655":{"start":{"line":656,"column":0},"end":{"line":656,"column":69}},"656":{"start":{"line":657,"column":0},"end":{"line":657,"column":67}},"657":{"start":{"line":658,"column":0},"end":{"line":658,"column":10}},"658":{"start":{"line":659,"column":0},"end":{"line":659,"column":8}},"659":{"start":{"line":660,"column":0},"end":{"line":660,"column":6}},"660":{"start":{"line":661,"column":0},"end":{"line":661,"column":5}},"661":{"start":{"line":662,"column":0},"end":{"line":662,"column":33}},"662":{"start":{"line":663,"column":0},"end":{"line":663,"column":50}},"663":{"start":{"line":664,"column":0},"end":{"line":664,"column":22}},"664":{"start":{"line":665,"column":0},"end":{"line":665,"column":26}},"665":{"start":{"line":666,"column":0},"end":{"line":666,"column":46}},"666":{"start":{"line":667,"column":0},"end":{"line":667,"column":8}},"667":{"start":{"line":668,"column":0},"end":{"line":668,"column":21}},"668":{"start":{"line":669,"column":0},"end":{"line":669,"column":29}},"669":{"start":{"line":670,"column":0},"end":{"line":670,"column":21}},"670":{"start":{"line":671,"column":0},"end":{"line":671,"column":65}},"671":{"start":{"line":672,"column":0},"end":{"line":672,"column":67}},"672":{"start":{"line":673,"column":0},"end":{"line":673,"column":11}},"673":{"start":{"line":674,"column":0},"end":{"line":674,"column":26}},"674":{"start":{"line":675,"column":0},"end":{"line":675,"column":54}},"675":{"start":{"line":676,"column":0},"end":{"line":676,"column":27}},"676":{"start":{"line":677,"column":0},"end":{"line":677,"column":35}},"677":{"start":{"line":678,"column":0},"end":{"line":678,"column":27}},"678":{"start":{"line":679,"column":0},"end":{"line":679,"column":17}},"679":{"start":{"line":680,"column":0},"end":{"line":680,"column":41}},"680":{"start":{"line":681,"column":0},"end":{"line":681,"column":62}},"681":{"start":{"line":682,"column":0},"end":{"line":682,"column":18}},"682":{"start":{"line":683,"column":0},"end":{"line":683,"column":16}},"683":{"start":{"line":684,"column":0},"end":{"line":684,"column":14}},"684":{"start":{"line":685,"column":0},"end":{"line":685,"column":12}},"685":{"start":{"line":686,"column":0},"end":{"line":686,"column":11}},"686":{"start":{"line":687,"column":0},"end":{"line":687,"column":26}},"687":{"start":{"line":688,"column":0},"end":{"line":688,"column":53}},"688":{"start":{"line":689,"column":0},"end":{"line":689,"column":27}},"689":{"start":{"line":690,"column":0},"end":{"line":690,"column":35}},"690":{"start":{"line":691,"column":0},"end":{"line":691,"column":27}},"691":{"start":{"line":692,"column":0},"end":{"line":692,"column":17}},"692":{"start":{"line":693,"column":0},"end":{"line":693,"column":41}},"693":{"start":{"line":694,"column":0},"end":{"line":694,"column":62}},"694":{"start":{"line":695,"column":0},"end":{"line":695,"column":18}},"695":{"start":{"line":696,"column":0},"end":{"line":696,"column":16}},"696":{"start":{"line":697,"column":0},"end":{"line":697,"column":14}},"697":{"start":{"line":698,"column":0},"end":{"line":698,"column":12}},"698":{"start":{"line":699,"column":0},"end":{"line":699,"column":70}},"699":{"start":{"line":700,"column":0},"end":{"line":700,"column":72}},"700":{"start":{"line":701,"column":0},"end":{"line":701,"column":76}},"701":{"start":{"line":702,"column":0},"end":{"line":702,"column":71}},"702":{"start":{"line":703,"column":0},"end":{"line":703,"column":69}},"703":{"start":{"line":704,"column":0},"end":{"line":704,"column":67}},"704":{"start":{"line":705,"column":0},"end":{"line":705,"column":10}},"705":{"start":{"line":706,"column":0},"end":{"line":706,"column":8}},"706":{"start":{"line":707,"column":0},"end":{"line":707,"column":6}},"707":{"start":{"line":708,"column":0},"end":{"line":708,"column":4}},"708":{"start":{"line":709,"column":0},"end":{"line":709,"column":78}},"709":{"start":{"line":710,"column":0},"end":{"line":710,"column":36}},"710":{"start":{"line":711,"column":0},"end":{"line":711,"column":19}},"711":{"start":{"line":712,"column":0},"end":{"line":712,"column":16}},"712":{"start":{"line":713,"column":0},"end":{"line":713,"column":5}},"713":{"start":{"line":714,"column":0},"end":{"line":714,"column":34}},"714":{"start":{"line":715,"column":0},"end":{"line":715,"column":25}},"715":{"start":{"line":716,"column":0},"end":{"line":716,"column":51}},"716":{"start":{"line":717,"column":0},"end":{"line":717,"column":28}},"717":{"start":{"line":718,"column":0},"end":{"line":718,"column":9}},"718":{"start":{"line":719,"column":0},"end":{"line":719,"column":37}},"719":{"start":{"line":720,"column":0},"end":{"line":720,"column":21}},"720":{"start":{"line":721,"column":0},"end":{"line":721,"column":29}},"721":{"start":{"line":722,"column":0},"end":{"line":722,"column":51}},"722":{"start":{"line":723,"column":0},"end":{"line":723,"column":12}},"723":{"start":{"line":724,"column":0},"end":{"line":724,"column":17}},"724":{"start":{"line":725,"column":0},"end":{"line":725,"column":32}},"725":{"start":{"line":726,"column":0},"end":{"line":726,"column":19}},"726":{"start":{"line":727,"column":0},"end":{"line":727,"column":32}},"727":{"start":{"line":728,"column":0},"end":{"line":728,"column":63}},"728":{"start":{"line":729,"column":0},"end":{"line":729,"column":14}},"729":{"start":{"line":730,"column":0},"end":{"line":730,"column":12}},"730":{"start":{"line":731,"column":0},"end":{"line":731,"column":10}},"731":{"start":{"line":732,"column":0},"end":{"line":732,"column":8}},"732":{"start":{"line":733,"column":0},"end":{"line":733,"column":21}},"733":{"start":{"line":734,"column":0},"end":{"line":734,"column":29}},"734":{"start":{"line":735,"column":0},"end":{"line":735,"column":21}},"735":{"start":{"line":736,"column":0},"end":{"line":736,"column":11}},"736":{"start":{"line":737,"column":0},"end":{"line":737,"column":26}},"737":{"start":{"line":738,"column":0},"end":{"line":738,"column":51}},"738":{"start":{"line":739,"column":0},"end":{"line":739,"column":24}},"739":{"start":{"line":740,"column":0},"end":{"line":740,"column":15}},"740":{"start":{"line":741,"column":0},"end":{"line":741,"column":33}},"741":{"start":{"line":742,"column":0},"end":{"line":742,"column":55}},"742":{"start":{"line":743,"column":0},"end":{"line":743,"column":24}},"743":{"start":{"line":744,"column":0},"end":{"line":744,"column":35}},"744":{"start":{"line":745,"column":0},"end":{"line":745,"column":57}},"745":{"start":{"line":746,"column":0},"end":{"line":746,"column":18}},"746":{"start":{"line":747,"column":0},"end":{"line":747,"column":16}},"747":{"start":{"line":748,"column":0},"end":{"line":748,"column":14}},"748":{"start":{"line":749,"column":0},"end":{"line":749,"column":27}},"749":{"start":{"line":750,"column":0},"end":{"line":750,"column":35}},"750":{"start":{"line":751,"column":0},"end":{"line":751,"column":27}},"751":{"start":{"line":752,"column":0},"end":{"line":752,"column":17}},"752":{"start":{"line":753,"column":0},"end":{"line":753,"column":41}},"753":{"start":{"line":754,"column":0},"end":{"line":754,"column":62}},"754":{"start":{"line":755,"column":0},"end":{"line":755,"column":18}},"755":{"start":{"line":756,"column":0},"end":{"line":756,"column":16}},"756":{"start":{"line":757,"column":0},"end":{"line":757,"column":14}},"757":{"start":{"line":758,"column":0},"end":{"line":758,"column":12}},"758":{"start":{"line":759,"column":0},"end":{"line":759,"column":10}},"759":{"start":{"line":760,"column":0},"end":{"line":760,"column":8}},"760":{"start":{"line":761,"column":0},"end":{"line":761,"column":6}},"761":{"start":{"line":762,"column":0},"end":{"line":762,"column":5}},"762":{"start":{"line":763,"column":0},"end":{"line":763,"column":33}},"763":{"start":{"line":764,"column":0},"end":{"line":764,"column":50}},"764":{"start":{"line":765,"column":0},"end":{"line":765,"column":22}},"765":{"start":{"line":766,"column":0},"end":{"line":766,"column":26}},"766":{"start":{"line":767,"column":0},"end":{"line":767,"column":46}},"767":{"start":{"line":768,"column":0},"end":{"line":768,"column":8}},"768":{"start":{"line":769,"column":0},"end":{"line":769,"column":21}},"769":{"start":{"line":770,"column":0},"end":{"line":770,"column":29}},"770":{"start":{"line":771,"column":0},"end":{"line":771,"column":21}},"771":{"start":{"line":772,"column":0},"end":{"line":772,"column":65}},"772":{"start":{"line":773,"column":0},"end":{"line":773,"column":71}},"773":{"start":{"line":774,"column":0},"end":{"line":774,"column":68}},"774":{"start":{"line":775,"column":0},"end":{"line":775,"column":67}},"775":{"start":{"line":776,"column":0},"end":{"line":776,"column":72}},"776":{"start":{"line":777,"column":0},"end":{"line":777,"column":72}},"777":{"start":{"line":778,"column":0},"end":{"line":778,"column":69}},"778":{"start":{"line":779,"column":0},"end":{"line":779,"column":67}},"779":{"start":{"line":780,"column":0},"end":{"line":780,"column":10}},"780":{"start":{"line":781,"column":0},"end":{"line":781,"column":8}},"781":{"start":{"line":782,"column":0},"end":{"line":782,"column":6}},"782":{"start":{"line":783,"column":0},"end":{"line":783,"column":5}},"783":{"start":{"line":784,"column":0},"end":{"line":784,"column":33}},"784":{"start":{"line":785,"column":0},"end":{"line":785,"column":50}},"785":{"start":{"line":786,"column":0},"end":{"line":786,"column":22}},"786":{"start":{"line":787,"column":0},"end":{"line":787,"column":26}},"787":{"start":{"line":788,"column":0},"end":{"line":788,"column":46}},"788":{"start":{"line":789,"column":0},"end":{"line":789,"column":8}},"789":{"start":{"line":790,"column":0},"end":{"line":790,"column":21}},"790":{"start":{"line":791,"column":0},"end":{"line":791,"column":29}},"791":{"start":{"line":792,"column":0},"end":{"line":792,"column":21}},"792":{"start":{"line":793,"column":0},"end":{"line":793,"column":65}},"793":{"start":{"line":794,"column":0},"end":{"line":794,"column":67}},"794":{"start":{"line":795,"column":0},"end":{"line":795,"column":11}},"795":{"start":{"line":796,"column":0},"end":{"line":796,"column":26}},"796":{"start":{"line":797,"column":0},"end":{"line":797,"column":54}},"797":{"start":{"line":798,"column":0},"end":{"line":798,"column":27}},"798":{"start":{"line":799,"column":0},"end":{"line":799,"column":35}},"799":{"start":{"line":800,"column":0},"end":{"line":800,"column":27}},"800":{"start":{"line":801,"column":0},"end":{"line":801,"column":17}},"801":{"start":{"line":802,"column":0},"end":{"line":802,"column":41}},"802":{"start":{"line":803,"column":0},"end":{"line":803,"column":62}},"803":{"start":{"line":804,"column":0},"end":{"line":804,"column":18}},"804":{"start":{"line":805,"column":0},"end":{"line":805,"column":16}},"805":{"start":{"line":806,"column":0},"end":{"line":806,"column":14}},"806":{"start":{"line":807,"column":0},"end":{"line":807,"column":12}},"807":{"start":{"line":808,"column":0},"end":{"line":808,"column":11}},"808":{"start":{"line":809,"column":0},"end":{"line":809,"column":26}},"809":{"start":{"line":810,"column":0},"end":{"line":810,"column":53}},"810":{"start":{"line":811,"column":0},"end":{"line":811,"column":27}},"811":{"start":{"line":812,"column":0},"end":{"line":812,"column":35}},"812":{"start":{"line":813,"column":0},"end":{"line":813,"column":27}},"813":{"start":{"line":814,"column":0},"end":{"line":814,"column":17}},"814":{"start":{"line":815,"column":0},"end":{"line":815,"column":41}},"815":{"start":{"line":816,"column":0},"end":{"line":816,"column":62}},"816":{"start":{"line":817,"column":0},"end":{"line":817,"column":18}},"817":{"start":{"line":818,"column":0},"end":{"line":818,"column":16}},"818":{"start":{"line":819,"column":0},"end":{"line":819,"column":14}},"819":{"start":{"line":820,"column":0},"end":{"line":820,"column":12}},"820":{"start":{"line":821,"column":0},"end":{"line":821,"column":70}},"821":{"start":{"line":822,"column":0},"end":{"line":822,"column":72}},"822":{"start":{"line":823,"column":0},"end":{"line":823,"column":76}},"823":{"start":{"line":824,"column":0},"end":{"line":824,"column":71}},"824":{"start":{"line":825,"column":0},"end":{"line":825,"column":69}},"825":{"start":{"line":826,"column":0},"end":{"line":826,"column":67}},"826":{"start":{"line":827,"column":0},"end":{"line":827,"column":10}},"827":{"start":{"line":828,"column":0},"end":{"line":828,"column":8}},"828":{"start":{"line":829,"column":0},"end":{"line":829,"column":6}},"829":{"start":{"line":830,"column":0},"end":{"line":830,"column":4}},"830":{"start":{"line":831,"column":0},"end":{"line":831,"column":74}},"831":{"start":{"line":832,"column":0},"end":{"line":832,"column":36}},"832":{"start":{"line":833,"column":0},"end":{"line":833,"column":19}},"833":{"start":{"line":834,"column":0},"end":{"line":834,"column":16}},"834":{"start":{"line":835,"column":0},"end":{"line":835,"column":5}},"835":{"start":{"line":836,"column":0},"end":{"line":836,"column":34}},"836":{"start":{"line":837,"column":0},"end":{"line":837,"column":25}},"837":{"start":{"line":838,"column":0},"end":{"line":838,"column":51}},"838":{"start":{"line":839,"column":0},"end":{"line":839,"column":21}},"839":{"start":{"line":840,"column":0},"end":{"line":840,"column":29}},"840":{"start":{"line":841,"column":0},"end":{"line":841,"column":21}},"841":{"start":{"line":842,"column":0},"end":{"line":842,"column":11}},"842":{"start":{"line":843,"column":0},"end":{"line":843,"column":26}},"843":{"start":{"line":844,"column":0},"end":{"line":844,"column":51}},"844":{"start":{"line":845,"column":0},"end":{"line":845,"column":27}},"845":{"start":{"line":846,"column":0},"end":{"line":846,"column":35}},"846":{"start":{"line":847,"column":0},"end":{"line":847,"column":27}},"847":{"start":{"line":848,"column":0},"end":{"line":848,"column":17}},"848":{"start":{"line":849,"column":0},"end":{"line":849,"column":41}},"849":{"start":{"line":850,"column":0},"end":{"line":850,"column":62}},"850":{"start":{"line":851,"column":0},"end":{"line":851,"column":18}},"851":{"start":{"line":852,"column":0},"end":{"line":852,"column":16}},"852":{"start":{"line":853,"column":0},"end":{"line":853,"column":14}},"853":{"start":{"line":854,"column":0},"end":{"line":854,"column":12}},"854":{"start":{"line":855,"column":0},"end":{"line":855,"column":10}},"855":{"start":{"line":856,"column":0},"end":{"line":856,"column":8}},"856":{"start":{"line":857,"column":0},"end":{"line":857,"column":6}},"857":{"start":{"line":858,"column":0},"end":{"line":858,"column":5}},"858":{"start":{"line":859,"column":0},"end":{"line":859,"column":33}},"859":{"start":{"line":860,"column":0},"end":{"line":860,"column":50}},"860":{"start":{"line":861,"column":0},"end":{"line":861,"column":22}},"861":{"start":{"line":862,"column":0},"end":{"line":862,"column":26}},"862":{"start":{"line":863,"column":0},"end":{"line":863,"column":46}},"863":{"start":{"line":864,"column":0},"end":{"line":864,"column":8}},"864":{"start":{"line":865,"column":0},"end":{"line":865,"column":21}},"865":{"start":{"line":866,"column":0},"end":{"line":866,"column":29}},"866":{"start":{"line":867,"column":0},"end":{"line":867,"column":21}},"867":{"start":{"line":868,"column":0},"end":{"line":868,"column":65}},"868":{"start":{"line":869,"column":0},"end":{"line":869,"column":71}},"869":{"start":{"line":870,"column":0},"end":{"line":870,"column":68}},"870":{"start":{"line":871,"column":0},"end":{"line":871,"column":67}},"871":{"start":{"line":872,"column":0},"end":{"line":872,"column":72}},"872":{"start":{"line":873,"column":0},"end":{"line":873,"column":72}},"873":{"start":{"line":874,"column":0},"end":{"line":874,"column":69}},"874":{"start":{"line":875,"column":0},"end":{"line":875,"column":67}},"875":{"start":{"line":876,"column":0},"end":{"line":876,"column":10}},"876":{"start":{"line":877,"column":0},"end":{"line":877,"column":8}},"877":{"start":{"line":878,"column":0},"end":{"line":878,"column":6}},"878":{"start":{"line":879,"column":0},"end":{"line":879,"column":4}},"879":{"start":{"line":880,"column":0},"end":{"line":880,"column":74}}},"s":{"76":1,"77":1,"78":1,"79":1,"80":1,"81":1,"82":1,"97":1,"98":1,"99":1,"100":1,"101":1,"102":1,"103":1,"121":1,"122":1,"123":1,"124":1,"125":1,"126":1,"127":1,"153":1,"154":1,"155":1,"156":1,"259":1,"260":1,"261":1,"262":1,"263":1,"264":1,"265":1,"266":1,"267":1,"268":1,"269":1,"270":1,"271":1,"272":1,"273":1,"274":1,"275":1,"276":1,"277":1,"278":1,"279":1,"280":1,"281":1,"282":1,"283":1,"284":1,"285":1,"286":1,"287":1,"288":1,"289":1,"290":1,"291":1,"292":1,"293":1,"294":1,"295":1,"296":1,"297":1,"298":1,"299":1,"300":1,"301":1,"302":1,"303":1,"304":1,"305":1,"306":1,"307":1,"308":1,"309":1,"310":1,"311":1,"312":1,"313":1,"314":1,"315":1,"316":1,"317":1,"318":1,"319":1,"320":1,"321":1,"322":1,"323":1,"324":1,"325":1,"326":1,"327":1,"328":1,"329":1,"330":1,"331":1,"332":1,"333":1,"334":1,"335":1,"336":1,"337":1,"338":1,"339":1,"340":1,"341":1,"342":1,"343":1,"344":1,"345":1,"346":1,"347":1,"348":1,"349":1,"350":1,"351":1,"352":1,"353":1,"354":1,"355":1,"356":1,"357":1,"358":1,"359":1,"360":1,"361":1,"362":1,"363":1,"364":1,"365":1,"366":1,"367":1,"368":1,"369":1,"370":1,"371":1,"372":1,"373":1,"374":1,"375":1,"376":1,"377":1,"378":1,"379":1,"380":1,"381":1,"382":1,"383":1,"384":1,"385":1,"386":1,"387":1,"388":1,"389":1,"390":1,"391":1,"392":1,"393":1,"394":1,"395":1,"396":1,"397":1,"398":1,"399":1,"400":1,"401":1,"402":1,"403":1,"404":1,"405":1,"406":1,"407":1,"408":1,"409":1,"410":1,"411":1,"412":1,"413":1,"414":1,"415":1,"416":1,"417":1,"418":1,"419":1,"420":1,"421":1,"422":1,"423":1,"424":1,"425":1,"426":1,"427":1,"428":1,"429":1,"430":1,"431":1,"432":1,"433":1,"434":1,"435":1,"436":1,"437":1,"438":1,"439":1,"440":1,"441":1,"442":1,"443":1,"444":1,"445":1,"446":1,"447":1,"448":1,"449":1,"450":1,"451":1,"452":1,"453":1,"454":1,"455":1,"456":1,"457":1,"458":1,"459":1,"460":1,"461":1,"462":1,"463":1,"464":1,"465":1,"466":1,"467":1,"468":1,"469":1,"470":1,"471":1,"472":1,"473":1,"474":1,"475":1,"476":1,"477":1,"478":1,"479":1,"480":1,"481":1,"482":1,"483":1,"484":1,"485":1,"486":1,"487":1,"488":1,"489":1,"490":1,"491":1,"492":1,"493":1,"494":1,"495":1,"496":1,"497":1,"498":1,"499":1,"500":1,"501":1,"502":1,"503":1,"504":1,"505":1,"506":1,"507":1,"508":1,"509":1,"510":1,"511":1,"512":1,"513":1,"514":1,"515":1,"516":1,"517":1,"518":1,"519":1,"520":1,"521":1,"522":1,"523":1,"524":1,"525":1,"526":1,"527":1,"528":1,"529":1,"530":1,"531":1,"532":1,"533":1,"534":1,"535":1,"536":1,"537":1,"538":1,"539":1,"540":1,"541":1,"542":1,"543":1,"544":1,"545":1,"546":1,"547":1,"548":1,"549":1,"550":1,"551":1,"552":1,"553":1,"554":1,"555":1,"556":1,"557":1,"558":1,"559":1,"560":1,"561":1,"562":1,"563":1,"564":1,"565":1,"566":1,"567":1,"568":1,"569":1,"570":1,"571":1,"572":1,"573":1,"574":1,"575":1,"576":1,"577":1,"578":1,"579":1,"580":1,"581":1,"582":1,"583":1,"587":1,"588":1,"589":1,"590":1,"591":1,"592":1,"593":1,"594":1,"595":1,"596":1,"597":1,"598":1,"599":1,"600":1,"601":1,"602":1,"603":1,"604":1,"605":1,"606":1,"607":1,"608":1,"609":1,"610":1,"611":1,"612":1,"613":1,"614":1,"615":1,"616":1,"617":1,"618":1,"619":1,"620":1,"621":1,"622":1,"623":1,"624":1,"625":1,"626":1,"627":1,"628":1,"629":1,"630":1,"631":1,"632":1,"633":1,"634":1,"635":1,"636":1,"637":1,"638":1,"639":1,"640":1,"641":1,"642":1,"643":1,"644":1,"645":1,"646":1,"647":1,"648":1,"649":1,"650":1,"651":1,"652":1,"653":1,"654":1,"655":1,"656":1,"657":1,"658":1,"659":1,"660":1,"661":1,"662":1,"663":1,"664":1,"665":1,"666":1,"667":1,"668":1,"669":1,"670":1,"671":1,"672":1,"673":1,"674":1,"675":1,"676":1,"677":1,"678":1,"679":1,"680":1,"681":1,"682":1,"683":1,"684":1,"685":1,"686":1,"687":1,"688":1,"689":1,"690":1,"691":1,"692":1,"693":1,"694":1,"695":1,"696":1,"697":1,"698":1,"699":1,"700":1,"701":1,"702":1,"703":1,"704":1,"705":1,"706":1,"707":1,"708":1,"709":1,"710":1,"711":1,"712":1,"713":1,"714":1,"715":1,"716":1,"717":1,"718":1,"719":1,"720":1,"721":1,"722":1,"723":1,"724":1,"725":1,"726":1,"727":1,"728":1,"729":1,"730":1,"731":1,"732":1,"733":1,"734":1,"735":1,"736":1,"737":1,"738":1,"739":1,"740":1,"741":1,"742":1,"743":1,"744":1,"745":1,"746":1,"747":1,"748":1,"749":1,"750":1,"751":1,"752":1,"753":1,"754":1,"755":1,"756":1,"757":1,"758":1,"759":1,"760":1,"761":1,"762":1,"763":1,"764":1,"765":1,"766":1,"767":1,"768":1,"769":1,"770":1,"771":1,"772":1,"773":1,"774":1,"775":1,"776":1,"777":1,"778":1,"779":1,"780":1,"781":1,"782":1,"783":1,"784":1,"785":1,"786":1,"787":1,"788":1,"789":1,"790":1,"791":1,"792":1,"793":1,"794":1,"795":1,"796":1,"797":1,"798":1,"799":1,"800":1,"801":1,"802":1,"803":1,"804":1,"805":1,"806":1,"807":1,"808":1,"809":1,"810":1,"811":1,"812":1,"813":1,"814":1,"815":1,"816":1,"817":1,"818":1,"819":1,"820":1,"821":1,"822":1,"823":1,"824":1,"825":1,"826":1,"827":1,"828":1,"829":1,"830":1,"831":1,"832":1,"833":1,"834":1,"835":1,"836":1,"837":1,"838":1,"839":1,"840":1,"841":1,"842":1,"843":1,"844":1,"845":1,"846":1,"847":1,"848":1,"849":1,"850":1,"851":1,"852":1,"853":1,"854":1,"855":1,"856":1,"857":1,"858":1,"859":1,"860":1,"861":1,"862":1,"863":1,"864":1,"865":1,"866":1,"867":1,"868":1,"869":1,"870":1,"871":1,"872":1,"873":1,"874":1,"875":1,"876":1,"877":1,"878":1,"879":1},"branchMap":{},"b":{},"fnMap":{},"f":{}}
,"/Users/jimhuertas/Documents/Apps/Final-Challenge/src/__generated__/index.ts": {"path":"/Users/jimhuertas/Documents/Apps/Final-Challenge/src/__generated__/index.ts","all":true,"statementMap":{"0":{"start":{"line":1,"column":0},"end":{"line":1,"column":35}},"1":{"start":{"line":2,"column":0},"end":{"line":2,"column":22}}},"s":{"0":0,"1":0},"branchMap":{"0":{"type":"branch","line":1,"loc":{"start":{"line":1,"column":0},"end":{"line":2,"column":-1}},"locations":[{"start":{"line":1,"column":0},"end":{"line":2,"column":-1}}]}},"b":{"0":[0]},"fnMap":{"0":{"name":"(empty-report)","decl":{"start":{"line":1,"column":0},"end":{"line":2,"column":-1}},"loc":{"start":{"line":1,"column":0},"end":{"line":2,"column":-1}},"line":1}},"f":{"0":0}}
,"/Users/jimhuertas/Documents/Apps/Final-Challenge/src/assets/avatars/AvatarImage.tsx": {"path":"/Users/jimhuertas/Documents/Apps/Final-Challenge/src/assets/avatars/AvatarImage.tsx","all":false,"statementMap":{"0":{"start":{"line":1,"column":0},"end":{"line":1,"column":37}},"1":{"start":{"line":2,"column":0},"end":{"line":2,"column":37}},"2":{"start":{"line":3,"column":0},"end":{"line":3,"column":37}},"3":{"start":{"line":4,"column":0},"end":{"line":4,"column":37}},"4":{"start":{"line":5,"column":0},"end":{"line":5,"column":37}},"6":{"start":{"line":7,"column":0},"end":{"line":7,"column":65}},"15":{"start":{"line":16,"column":0},"end":{"line":16,"column":29}},"16":{"start":{"line":17,"column":0},"end":{"line":17,"column":8}},"17":{"start":{"line":18,"column":0},"end":{"line":18,"column":17}},"18":{"start":{"line":19,"column":0},"end":{"line":19,"column":12}},"19":{"start":{"line":20,"column":0},"end":{"line":20,"column":22}},"20":{"start":{"line":21,"column":0},"end":{"line":21,"column":25}},"21":{"start":{"line":22,"column":0},"end":{"line":22,"column":69}},"23":{"start":{"line":24,"column":0},"end":{"line":24,"column":10}},"24":{"start":{"line":25,"column":0},"end":{"line":25,"column":8}},"25":{"start":{"line":26,"column":0},"end":{"line":26,"column":16}},"26":{"start":{"line":27,"column":0},"end":{"line":27,"column":15}},"27":{"start":{"line":28,"column":0},"end":{"line":28,"column":15}},"28":{"start":{"line":29,"column":0},"end":{"line":29,"column":27}},"29":{"start":{"line":30,"column":0},"end":{"line":30,"column":18}},"30":{"start":{"line":31,"column":0},"end":{"line":31,"column":19}},"31":{"start":{"line":32,"column":0},"end":{"line":32,"column":61}},"32":{"start":{"line":33,"column":0},"end":{"line":33,"column":6}},"34":{"start":{"line":35,"column":0},"end":{"line":35,"column":2}}},"s":{"0":1,"1":1,"2":1,"3":1,"4":1,"6":1,"15":1,"16":1,"17":1,"18":1,"19":1,"20":1,"21":1,"23":1,"24":1,"25":1,"26":1,"27":1,"28":1,"29":1,"30":1,"31":1,"32":1,"34":1},"branchMap":{"0":{"type":"branch","line":16,"loc":{"start":{"line":16,"column":27},"end":{"line":35,"column":2}},"locations":[{"start":{"line":16,"column":27},"end":{"line":35,"column":2}}]},"1":{"type":"branch","line":22,"loc":{"start":{"line":22,"column":50},"end":{"line":22,"column":69}},"locations":[{"start":{"line":22,"column":50},"end":{"line":22,"column":69}}]}},"b":{"0":[1],"1":[0]},"fnMap":{"0":{"name":"AvatarImage","decl":{"start":{"line":16,"column":27},"end":{"line":35,"column":2}},"loc":{"start":{"line":16,"column":27},"end":{"line":35,"column":2}},"line":16}},"f":{"0":1}}
,"/Users/jimhuertas/Documents/Apps/Final-Challenge/src/assets/icons/AddIcon.tsx": {"path":"/Users/jimhuertas/Documents/Apps/Final-Challenge/src/assets/icons/AddIcon.tsx","all":false,"statementMap":{"2":{"start":{"line":3,"column":0},"end":{"line":3,"column":60}},"3":{"start":{"line":4,"column":0},"end":{"line":4,"column":6}},"4":{"start":{"line":5,"column":0},"end":{"line":5,"column":14}},"5":{"start":{"line":6,"column":0},"end":{"line":6,"column":14}},"6":{"start":{"line":7,"column":0},"end":{"line":7,"column":15}},"7":{"start":{"line":8,"column":0},"end":{"line":8,"column":23}},"8":{"start":{"line":9,"column":0},"end":{"line":9,"column":15}},"9":{"start":{"line":10,"column":0},"end":{"line":10,"column":38}},"11":{"start":{"line":12,"column":0},"end":{"line":12,"column":9}},"12":{"start":{"line":13,"column":0},"end":{"line":13,"column":146}},"13":{"start":{"line":14,"column":0},"end":{"line":14,"column":23}},"14":{"start":{"line":15,"column":0},"end":{"line":15,"column":6}},"15":{"start":{"line":16,"column":0},"end":{"line":16,"column":8}}},"s":{"2":1,"3":0,"4":0,"5":0,"6":0,"7":0,"8":0,"9":0,"11":0,"12":0,"13":0,"14":0,"15":0},"branchMap":{},"b":{},"fnMap":{"0":{"name":"AddIcon","decl":{"start":{"line":3,"column":23},"end":{"line":16,"column":8}},"loc":{"start":{"line":3,"column":23},"end":{"line":16,"column":8}},"line":3}},"f":{"0":0}}
,"/Users/jimhuertas/Documents/Apps/Final-Challenge/src/assets/icons/AlarmIcon.tsx": {"path":"/Users/jimhuertas/Documents/Apps/Final-Challenge/src/assets/icons/AlarmIcon.tsx","all":false,"statementMap":{"2":{"start":{"line":3,"column":0},"end":{"line":3,"column":62}},"3":{"start":{"line":4,"column":0},"end":{"line":4,"column":6}},"4":{"start":{"line":5,"column":0},"end":{"line":5,"column":14}},"5":{"start":{"line":6,"column":0},"end":{"line":6,"column":14}},"6":{"start":{"line":7,"column":0},"end":{"line":7,"column":15}},"7":{"start":{"line":8,"column":0},"end":{"line":8,"column":23}},"8":{"start":{"line":9,"column":0},"end":{"line":9,"column":15}},"9":{"start":{"line":10,"column":0},"end":{"line":10,"column":38}},"11":{"start":{"line":12,"column":0},"end":{"line":12,"column":9}},"12":{"start":{"line":13,"column":0},"end":{"line":13,"column":1332}},"13":{"start":{"line":14,"column":0},"end":{"line":14,"column":23}},"14":{"start":{"line":15,"column":0},"end":{"line":15,"column":6}},"15":{"start":{"line":16,"column":0},"end":{"line":16,"column":8}}},"s":{"2":1,"3":4,"4":4,"5":4,"6":4,"7":4,"8":4,"9":4,"11":4,"12":4,"13":4,"14":4,"15":4},"branchMap":{"0":{"type":"branch","line":3,"loc":{"start":{"line":3,"column":25},"end":{"line":16,"column":8}},"locations":[{"start":{"line":3,"column":25},"end":{"line":16,"column":8}}]}},"b":{"0":[4]},"fnMap":{"0":{"name":"AlarmIcon","decl":{"start":{"line":3,"column":25},"end":{"line":16,"column":8}},"loc":{"start":{"line":3,"column":25},"end":{"line":16,"column":8}},"line":3}},"f":{"0":4}}
,"/Users/jimhuertas/Documents/Apps/Final-Challenge/src/assets/icons/AnimatedLoading.tsx": {"path":"/Users/jimhuertas/Documents/Apps/Final-Challenge/src/assets/icons/AnimatedLoading.tsx","all":false,"statementMap":{"2":{"start":{"line":3,"column":0},"end":{"line":3,"column":68}},"3":{"start":{"line":4,"column":0},"end":{"line":4,"column":6}},"4":{"start":{"line":5,"column":0},"end":{"line":5,"column":14}},"5":{"start":{"line":6,"column":0},"end":{"line":6,"column":36}},"6":{"start":{"line":7,"column":0},"end":{"line":7,"column":23}},"7":{"start":{"line":8,"column":0},"end":{"line":8,"column":15}},"8":{"start":{"line":9,"column":0},"end":{"line":9,"column":29}},"9":{"start":{"line":10,"column":0},"end":{"line":10,"column":38}},"11":{"start":{"line":12,"column":0},"end":{"line":12,"column":11}},"12":{"start":{"line":13,"column":0},"end":{"line":13,"column":28}},"13":{"start":{"line":14,"column":0},"end":{"line":14,"column":13}},"14":{"start":{"line":15,"column":0},"end":{"line":15,"column":13}},"15":{"start":{"line":16,"column":0},"end":{"line":16,"column":12}},"16":{"start":{"line":17,"column":0},"end":{"line":17,"column":27}},"17":{"start":{"line":18,"column":0},"end":{"line":18,"column":21}},"18":{"start":{"line":19,"column":0},"end":{"line":19,"column":6}},"19":{"start":{"line":20,"column":0},"end":{"line":20,"column":9}},"20":{"start":{"line":21,"column":0},"end":{"line":21,"column":28}},"21":{"start":{"line":22,"column":0},"end":{"line":22,"column":25}},"22":{"start":{"line":23,"column":0},"end":{"line":23,"column":45}},"23":{"start":{"line":24,"column":0},"end":{"line":24,"column":6}},"24":{"start":{"line":25,"column":0},"end":{"line":25,"column":8}}},"s":{"2":1,"3":0,"4":0,"5":0,"6":0,"7":0,"8":0,"9":0,"11":0,"12":0,"13":0,"14":0,"15":0,"16":0,"17":0,"18":0,"19":0,"20":0,"21":0,"22":0,"23":0,"24":0},"branchMap":{},"b":{},"fnMap":{"0":{"name":"AnimatedLoading","decl":{"start":{"line":3,"column":31},"end":{"line":25,"column":8}},"loc":{"start":{"line":3,"column":31},"end":{"line":25,"column":8}},"line":3}},"f":{"0":0}}
,"/Users/jimhuertas/Documents/Apps/Final-Challenge/src/assets/icons/AnimatedResetIcon.tsx": {"path":"/Users/jimhuertas/Documents/Apps/Final-Challenge/src/assets/icons/AnimatedResetIcon.tsx","all":false,"statementMap":{"1":{"start":{"line":2,"column":0},"end":{"line":2,"column":47}},"3":{"start":{"line":4,"column":0},"end":{"line":4,"column":70}},"4":{"start":{"line":5,"column":0},"end":{"line":5,"column":6}},"5":{"start":{"line":6,"column":0},"end":{"line":6,"column":14}},"6":{"start":{"line":7,"column":0},"end":{"line":7,"column":62}},"7":{"start":{"line":8,"column":0},"end":{"line":8,"column":38}},"8":{"start":{"line":9,"column":0},"end":{"line":9,"column":11}},"9":{"start":{"line":10,"column":0},"end":{"line":10,"column":11}},"10":{"start":{"line":11,"column":0},"end":{"line":11,"column":15}},"11":{"start":{"line":12,"column":0},"end":{"line":12,"column":16}},"12":{"start":{"line":13,"column":0},"end":{"line":13,"column":23}},"14":{"start":{"line":15,"column":0},"end":{"line":15,"column":9}},"15":{"start":{"line":16,"column":0},"end":{"line":16,"column":23}},"16":{"start":{"line":17,"column":0},"end":{"line":17,"column":546}},"17":{"start":{"line":18,"column":0},"end":{"line":18,"column":12}},"18":{"start":{"line":19,"column":0},"end":{"line":19,"column":8}}},"s":{"1":1,"3":1,"4":0,"5":0,"6":0,"7":0,"8":0,"9":0,"10":0,"11":0,"12":0,"14":0,"15":0,"16":0,"17":0,"18":0},"branchMap":{},"b":{},"fnMap":{"0":{"name":"AnimatedResetIcon","decl":{"start":{"line":4,"column":33},"end":{"line":19,"column":8}},"loc":{"start":{"line":4,"column":33},"end":{"line":19,"column":8}},"line":4}},"f":{"0":0}}
,"/Users/jimhuertas/Documents/Apps/Final-Challenge/src/assets/icons/ArrowIcon.tsx": {"path":"/Users/jimhuertas/Documents/Apps/Final-Challenge/src/assets/icons/ArrowIcon.tsx","all":false,"statementMap":{"2":{"start":{"line":3,"column":0},"end":{"line":3,"column":62}},"3":{"start":{"line":4,"column":0},"end":{"line":4,"column":6}},"4":{"start":{"line":5,"column":0},"end":{"line":5,"column":14}},"5":{"start":{"line":6,"column":0},"end":{"line":6,"column":14}},"6":{"start":{"line":7,"column":0},"end":{"line":7,"column":14}},"7":{"start":{"line":8,"column":0},"end":{"line":8,"column":22}},"8":{"start":{"line":9,"column":0},"end":{"line":9,"column":15}},"9":{"start":{"line":10,"column":0},"end":{"line":10,"column":38}},"11":{"start":{"line":12,"column":0},"end":{"line":12,"column":51}},"12":{"start":{"line":13,"column":0},"end":{"line":13,"column":8}}},"s":{"2":1,"3":0,"4":0,"5":0,"6":0,"7":0,"8":0,"9":0,"11":0,"12":0},"branchMap":{},"b":{},"fnMap":{"0":{"name":"ArrowIcon","decl":{"start":{"line":3,"column":25},"end":{"line":13,"column":8}},"loc":{"start":{"line":3,"column":25},"end":{"line":13,"column":8}},"line":3}},"f":{"0":0}}
,"/Users/jimhuertas/Documents/Apps/Final-Challenge/src/assets/icons/ArrowsVertical.tsx": {"path":"/Users/jimhuertas/Documents/Apps/Final-Challenge/src/assets/icons/ArrowsVertical.tsx","all":false,"statementMap":{"0":{"start":{"line":1,"column":0},"end":{"line":1,"column":73}},"1":{"start":{"line":2,"column":0},"end":{"line":2,"column":38}},"2":{"start":{"line":3,"column":0},"end":{"line":3,"column":9}},"3":{"start":{"line":4,"column":0},"end":{"line":4,"column":35}},"4":{"start":{"line":5,"column":0},"end":{"line":5,"column":27}},"5":{"start":{"line":6,"column":0},"end":{"line":6,"column":21}},"6":{"start":{"line":7,"column":0},"end":{"line":7,"column":17}},"7":{"start":{"line":8,"column":0},"end":{"line":8,"column":6}},"8":{"start":{"line":9,"column":0},"end":{"line":9,"column":8}}},"s":{"0":1,"1":0,"2":0,"3":0,"4":0,"5":0,"6":0,"7":0,"8":0},"branchMap":{},"b":{},"fnMap":{"0":{"name":"ArrowsVertical","decl":{"start":{"line":1,"column":30},"end":{"line":9,"column":8}},"loc":{"start":{"line":1,"column":30},"end":{"line":9,"column":8}},"line":1}},"f":{"0":0}}
,"/Users/jimhuertas/Documents/Apps/Final-Challenge/src/assets/icons/BlankTaskIcon.tsx": {"path":"/Users/jimhuertas/Documents/Apps/Final-Challenge/src/assets/icons/BlankTaskIcon.tsx","all":false,"statementMap":{"2":{"start":{"line":3,"column":0},"end":{"line":3,"column":66}},"3":{"start":{"line":4,"column":0},"end":{"line":4,"column":6}},"4":{"start":{"line":5,"column":0},"end":{"line":5,"column":14}},"5":{"start":{"line":6,"column":0},"end":{"line":6,"column":15}},"6":{"start":{"line":7,"column":0},"end":{"line":7,"column":14}},"7":{"start":{"line":8,"column":0},"end":{"line":8,"column":15}},"8":{"start":{"line":9,"column":0},"end":{"line":9,"column":23}},"9":{"start":{"line":10,"column":0},"end":{"line":10,"column":38}},"11":{"start":{"line":12,"column":0},"end":{"line":12,"column":40}},"12":{"start":{"line":13,"column":0},"end":{"line":13,"column":9}},"13":{"start":{"line":14,"column":0},"end":{"line":14,"column":216}},"14":{"start":{"line":15,"column":0},"end":{"line":15,"column":27}},"15":{"start":{"line":16,"column":0},"end":{"line":16,"column":21}},"17":{"start":{"line":18,"column":0},"end":{"line":18,"column":6}},"18":{"start":{"line":19,"column":0},"end":{"line":19,"column":9}},"19":{"start":{"line":20,"column":0},"end":{"line":20,"column":13}},"20":{"start":{"line":21,"column":0},"end":{"line":21,"column":13}},"21":{"start":{"line":22,"column":0},"end":{"line":22,"column":13}},"22":{"start":{"line":23,"column":0},"end":{"line":23,"column":13}},"23":{"start":{"line":24,"column":0},"end":{"line":24,"column":25}},"24":{"start":{"line":25,"column":0},"end":{"line":25,"column":21}},"25":{"start":{"line":26,"column":0},"end":{"line":26,"column":27}},"26":{"start":{"line":27,"column":0},"end":{"line":27,"column":6}},"27":{"start":{"line":28,"column":0},"end":{"line":28,"column":9}},"28":{"start":{"line":29,"column":0},"end":{"line":29,"column":13}},"29":{"start":{"line":30,"column":0},"end":{"line":30,"column":13}},"30":{"start":{"line":31,"column":0},"end":{"line":31,"column":13}},"31":{"start":{"line":32,"column":0},"end":{"line":32,"column":13}},"32":{"start":{"line":33,"column":0},"end":{"line":33,"column":25}},"33":{"start":{"line":34,"column":0},"end":{"line":34,"column":21}},"34":{"start":{"line":35,"column":0},"end":{"line":35,"column":27}},"35":{"start":{"line":36,"column":0},"end":{"line":36,"column":6}},"36":{"start":{"line":37,"column":0},"end":{"line":37,"column":8}}},"s":{"2":1,"3":0,"4":0,"5":0,"6":0,"7":0,"8":0,"9":0,"11":0,"12":0,"13":0,"14":0,"15":0,"17":0,"18":0,"19":0,"20":0,"21":0,"22":0,"23":0,"24":0,"25":0,"26":0,"27":0,"28":0,"29":0,"30":0,"31":0,"32":0,"33":0,"34":0,"35":0,"36":0},"branchMap":{},"b":{},"fnMap":{"0":{"name":"BlankTaskIcon","decl":{"start":{"line":3,"column":29},"end":{"line":37,"column":8}},"loc":{"start":{"line":3,"column":29},"end":{"line":37,"column":8}},"line":3}},"f":{"0":0}}
,"/Users/jimhuertas/Documents/Apps/Final-Challenge/src/assets/icons/CalendarFilledIcon.tsx": {"path":"/Users/jimhuertas/Documents/Apps/Final-Challenge/src/assets/icons/CalendarFilledIcon.tsx","all":false,"statementMap":{"2":{"start":{"line":3,"column":0},"end":{"line":3,"column":71}},"3":{"start":{"line":4,"column":0},"end":{"line":4,"column":6}},"4":{"start":{"line":5,"column":0},"end":{"line":5,"column":14}},"5":{"start":{"line":6,"column":0},"end":{"line":6,"column":14}},"6":{"start":{"line":7,"column":0},"end":{"line":7,"column":15}},"7":{"start":{"line":8,"column":0},"end":{"line":8,"column":23}},"8":{"start":{"line":9,"column":0},"end":{"line":9,"column":15}},"9":{"start":{"line":10,"column":0},"end":{"line":10,"column":38}},"11":{"start":{"line":12,"column":0},"end":{"line":12,"column":9}},"12":{"start":{"line":13,"column":0},"end":{"line":13,"column":453}},"13":{"start":{"line":14,"column":0},"end":{"line":14,"column":23}},"14":{"start":{"line":15,"column":0},"end":{"line":15,"column":6}},"15":{"start":{"line":16,"column":0},"end":{"line":16,"column":8}}},"s":{"2":1,"3":0,"4":0,"5":0,"6":0,"7":0,"8":0,"9":0,"11":0,"12":0,"13":0,"14":0,"15":0},"branchMap":{},"b":{},"fnMap":{"0":{"name":"CalendarFilledIcon","decl":{"start":{"line":3,"column":34},"end":{"line":16,"column":8}},"loc":{"start":{"line":3,"column":34},"end":{"line":16,"column":8}},"line":3}},"f":{"0":0}}
,"/Users/jimhuertas/Documents/Apps/Final-Challenge/src/assets/icons/CalendarIcon.tsx": {"path":"/Users/jimhuertas/Documents/Apps/Final-Challenge/src/assets/icons/CalendarIcon.tsx","all":false,"statementMap":{"2":{"start":{"line":3,"column":0},"end":{"line":3,"column":65}},"3":{"start":{"line":4,"column":0},"end":{"line":4,"column":6}},"4":{"start":{"line":5,"column":0},"end":{"line":5,"column":14}},"5":{"start":{"line":6,"column":0},"end":{"line":6,"column":14}},"6":{"start":{"line":7,"column":0},"end":{"line":7,"column":15}},"7":{"start":{"line":8,"column":0},"end":{"line":8,"column":23}},"8":{"start":{"line":9,"column":0},"end":{"line":9,"column":15}},"9":{"start":{"line":10,"column":0},"end":{"line":10,"column":38}},"11":{"start":{"line":12,"column":0},"end":{"line":12,"column":9}},"12":{"start":{"line":13,"column":0},"end":{"line":13,"column":487}},"13":{"start":{"line":14,"column":0},"end":{"line":14,"column":23}},"14":{"start":{"line":15,"column":0},"end":{"line":15,"column":6}},"15":{"start":{"line":16,"column":0},"end":{"line":16,"column":8}}},"s":{"2":1,"3":0,"4":0,"5":0,"6":0,"7":0,"8":0,"9":0,"11":0,"12":0,"13":0,"14":0,"15":0},"branchMap":{},"b":{},"fnMap":{"0":{"name":"CalendarIcon","decl":{"start":{"line":3,"column":28},"end":{"line":16,"column":8}},"loc":{"start":{"line":3,"column":28},"end":{"line":16,"column":8}},"line":3}},"f":{"0":0}}
[...]
,"/Users/jimhuertas/Documents/Apps/Final-Challenge/src/pages/Profile/ProfilePage.tsx": {"path":"/Users/jimhuertas/Documents/Apps/Final-Challenge/src/pages/Profile/ProfilePage.tsx","all":true,"statementMap":{"1":{"start":{"line":2,"column":0},"end":{"line":2,"column":45}},"2":{"start":{"line":3,"column":0},"end":{"line":3,"column":77}},"3":{"start":{"line":4,"column":0},"end":{"line":4,"column":44}},"4":{"start":{"line":5,"column":0},"end":{"line":5,"column":47}},"6":{"start":{"line":7,"column":0},"end":{"line":7,"column":34}},"7":{"start":{"line":8,"column":0},"end":{"line":8,"column":46}},"8":{"start":{"line":9,"column":0},"end":{"line":9,"column":33}},"10":{"start":{"line":11,"column":0},"end":{"line":11,"column":43}},"11":{"start":{"line":12,"column":0},"end":{"line":12,"column":20}},"12":{"start":{"line":13,"column":0},"end":{"line":13,"column":54}},"13":{"start":{"line":14,"column":0},"end":{"line":14,"column":66}},"14":{"start":{"line":15,"column":0},"end":{"line":15,"column":6}},"15":{"start":{"line":16,"column":0},"end":{"line":16,"column":3}},"17":{"start":{"line":18,"column":0},"end":{"line":18,"column":40}},"18":{"start":{"line":19,"column":0},"end":{"line":19,"column":50}},"19":{"start":{"line":20,"column":0},"end":{"line":20,"column":42}},"21":{"start":{"line":22,"column":0},"end":{"line":22,"column":10}},"22":{"start":{"line":23,"column":0},"end":{"line":23,"column":80}},"23":{"start":{"line":24,"column":0},"end":{"line":24,"column":13}},"24":{"start":{"line":25,"column":0},"end":{"line":25,"column":24}},"25":{"start":{"line":26,"column":0},"end":{"line":26,"column":23}},"26":{"start":{"line":27,"column":0},"end":{"line":27,"column":10}},"27":{"start":{"line":28,"column":0},"end":{"line":28,"column":218}},"29":{"start":{"line":30,"column":0},"end":{"line":30,"column":63}},"30":{"start":{"line":31,"column":0},"end":{"line":31,"column":15}},"31":{"start":{"line":32,"column":0},"end":{"line":32,"column":57}},"32":{"start":{"line":33,"column":0},"end":{"line":33,"column":21}},"33":{"start":{"line":34,"column":0},"end":{"line":34,"column":55}},"34":{"start":{"line":35,"column":0},"end":{"line":35,"column":20}},"35":{"start":{"line":36,"column":0},"end":{"line":36,"column":10}},"37":{"start":{"line":38,"column":0},"end":{"line":38,"column":42}},"38":{"start":{"line":39,"column":0},"end":{"line":39,"column":79}},"39":{"start":{"line":40,"column":0},"end":{"line":40,"column":63}},"40":{"start":{"line":41,"column":0},"end":{"line":41,"column":153}},"41":{"start":{"line":42,"column":0},"end":{"line":42,"column":15}},"42":{"start":{"line":43,"column":0},"end":{"line":43,"column":35}},"43":{"start":{"line":44,"column":0},"end":{"line":44,"column":69}},"44":{"start":{"line":45,"column":0},"end":{"line":45,"column":32}},"45":{"start":{"line":46,"column":0},"end":{"line":46,"column":30}},"46":{"start":{"line":47,"column":0},"end":{"line":47,"column":31}},"47":{"start":{"line":48,"column":0},"end":{"line":48,"column":17}},"48":{"start":{"line":49,"column":0},"end":{"line":49,"column":16}},"49":{"start":{"line":50,"column":0},"end":{"line":50,"column":15}},"50":{"start":{"line":51,"column":0},"end":{"line":51,"column":32}},"51":{"start":{"line":52,"column":0},"end":{"line":52,"column":69}},"52":{"start":{"line":53,"column":0},"end":{"line":53,"column":32}},"53":{"start":{"line":54,"column":0},"end":{"line":54,"column":30}},"54":{"start":{"line":55,"column":0},"end":{"line":55,"column":31}},"55":{"start":{"line":56,"column":0},"end":{"line":56,"column":17}},"56":{"start":{"line":57,"column":0},"end":{"line":57,"column":16}},"57":{"start":{"line":58,"column":0},"end":{"line":58,"column":41}},"58":{"start":{"line":59,"column":0},"end":{"line":59,"column":16}},"59":{"start":{"line":60,"column":0},"end":{"line":60,"column":14}},"60":{"start":{"line":61,"column":0},"end":{"line":61,"column":12}},"61":{"start":{"line":62,"column":0},"end":{"line":62,"column":10}},"63":{"start":{"line":64,"column":0},"end":{"line":64,"column":2}}},"s":{"1":0,"2":0,"3":0,"4":0,"6":0,"7":0,"8":0,"10":0,"11":0,"12":0,"13":0,"14":0,"15":0,"17":0,"18":0,"19":0,"21":0,"22":0,"23":0,"24":0,"25":0,"26":0,"27":0,"29":0,"30":0,"31":0,"32":0,"33":0,"34":0,"35":0,"37":0,"38":0,"39":0,"40":0,"41":0,"42":0,"43":0,"44":0,"45":0,"46":0,"47":0,"48":0,"49":0,"50":0,"51":0,"52":0,"53":0,"54":0,"55":0,"56":0,"57":0,"58":0,"59":0,"60":0,"61":0,"63":0},"branchMap":{"0":{"type":"branch","line":1,"loc":{"start":{"line":1,"column":2328},"end":{"line":64,"column":2}},"locations":[{"start":{"line":1,"column":2328},"end":{"line":64,"column":2}}]}},"b":{"0":[1]},"fnMap":{"0":{"name":"(empty-report)","decl":{"start":{"line":1,"column":2328},"end":{"line":64,"column":2}},"loc":{"start":{"line":1,"column":2328},"end":{"line":64,"column":2}},"line":1}},"f":{"0":1}}
,"/Users/jimhuertas/Documents/Apps/Final-Challenge/src/schema/schemaNewTask.ts": {"path":"/Users/jimhuertas/Documents/Apps/Final-Challenge/src/schema/schemaNewTask.ts","all":false,"statementMap":{"0":{"start":{"line":1,"column":0},"end":{"line":1,"column":20}},"3":{"start":{"line":4,"column":0},"end":{"line":4,"column":43}},"4":{"start":{"line":5,"column":0},"end":{"line":5,"column":9}},"5":{"start":{"line":6,"column":0},"end":{"line":6,"column":13}},"6":{"start":{"line":7,"column":0},"end":{"line":7,"column":50}},"7":{"start":{"line":8,"column":0},"end":{"line":8,"column":52}},"8":{"start":{"line":9,"column":0},"end":{"line":9,"column":13}},"9":{"start":{"line":10,"column":0},"end":{"line":10,"column":13}},"10":{"start":{"line":11,"column":0},"end":{"line":11,"column":63}},"11":{"start":{"line":12,"column":0},"end":{"line":12,"column":38}},"12":{"start":{"line":13,"column":0},"end":{"line":13,"column":7}},"13":{"start":{"line":14,"column":0},"end":{"line":14,"column":15}},"14":{"start":{"line":15,"column":0},"end":{"line":15,"column":47}},"15":{"start":{"line":16,"column":0},"end":{"line":16,"column":36}},"17":{"start":{"line":18,"column":0},"end":{"line":18,"column":9}},"18":{"start":{"line":19,"column":0},"end":{"line":19,"column":60}},"19":{"start":{"line":20,"column":0},"end":{"line":20,"column":49}},"21":{"start":{"line":22,"column":0},"end":{"line":22,"column":12}},"22":{"start":{"line":23,"column":0},"end":{"line":23,"column":45}},"23":{"start":{"line":24,"column":0},"end":{"line":24,"column":47}},"24":{"start":{"line":25,"column":0},"end":{"line":25,"column":47}},"25":{"start":{"line":26,"column":0},"end":{"line":26,"column":6}},"26":{"start":{"line":27,"column":0},"end":{"line":27,"column":38}},"27":{"start":{"line":28,"column":0},"end":{"line":28,"column":3}}},"s":{"0":1,"3":1,"4":1,"5":1,"6":1,"7":1,"8":1,"9":1,"10":1,"11":1,"12":1,"13":1,"14":1,"15":1,"17":1,"18":1,"19":1,"21":1,"22":1,"23":1,"24":1,"25":1,"26":1,"27":1},"branchMap":{},"b":{},"fnMap":{"0":{"name":"__vite_ssr_import_0__.default.object.estimate.__vite_ssr_import_0__.default.string.refine.message","decl":{"start":{"line":11,"column":12},"end":{"line":11,"column":62}},"loc":{"start":{"line":11,"column":12},"end":{"line":11,"column":62}},"line":11},"1":{"name":"__vite_ssr_import_0__.default.object.dueDate.__vite_ssr_import_0__.default.string.refine.message","decl":{"start":{"line":24,"column":12},"end":{"line":24,"column":46}},"loc":{"start":{"line":24,"column":12},"end":{"line":24,"column":46}},"line":24}},"f":{"0":0,"1":0}}
,"/Users/jimhuertas/Documents/Apps/Final-Challenge/src/utils/index.ts": {"path":"/Users/jimhuertas/Documents/Apps/Final-Challenge/src/utils/index.ts","all":false,"statementMap":{"0":{"start":{"line":1,"column":0},"end":{"line":1,"column":42}},"1":{"start":{"line":2,"column":0},"end":{"line":2,"column":45}},"2":{"start":{"line":3,"column":0},"end":{"line":3,"column":43}},"3":{"start":{"line":4,"column":0},"end":{"line":4,"column":46}}},"s":{"0":1,"1":1,"2":1,"3":1},"branchMap":{},"b":{},"fnMap":{},"f":{}}
,"/Users/jimhuertas/Documents/Apps/Final-Challenge/src/utils/dateUtils/normalizeDate.ts": {"path":"/Users/jimhuertas/Documents/Apps/Final-Challenge/src/utils/dateUtils/normalizeDate.ts","all":false,"statementMap":{"0":{"start":{"line":1,"column":0},"end":{"line":1,"column":43}},"3":{"start":{"line":4,"column":0},"end":{"line":4,"column":14}},"4":{"start":{"line":5,"column":0},"end":{"line":5,"column":14}},"5":{"start":{"line":6,"column":0},"end":{"line":6,"column":3}},"7":{"start":{"line":8,"column":0},"end":{"line":8,"column":53}},"8":{"start":{"line":9,"column":0},"end":{"line":9,"column":19}},"9":{"start":{"line":10,"column":0},"end":{"line":10,"column":5}},"10":{"start":{"line":11,"column":0},"end":{"line":11,"column":54}},"11":{"start":{"line":12,"column":0},"end":{"line":12,"column":34}},"13":{"start":{"line":14,"column":0},"end":{"line":14,"column":37}},"14":{"start":{"line":15,"column":0},"end":{"line":15,"column":14}},"15":{"start":{"line":16,"column":0},"end":{"line":16,"column":3}},"17":{"start":{"line":18,"column":0},"end":{"line":18,"column":52}},"18":{"start":{"line":19,"column":0},"end":{"line":19,"column":19}},"19":{"start":{"line":20,"column":0},"end":{"line":20,"column":1}}},"s":{"0":1,"3":4,"4":1,"5":1,"7":3,"8":3,"9":3,"10":3,"11":3,"13":4,"14":1,"15":1,"17":2,"18":2,"19":2},"branchMap":{"0":{"type":"branch","line":1,"loc":{"start":{"line":1,"column":7},"end":{"line":20,"column":1}},"locations":[{"start":{"line":1,"column":7},"end":{"line":20,"column":1}}]},"1":{"type":"branch","line":4,"loc":{"start":{"line":4,"column":13},"end":{"line":6,"column":3}},"locations":[{"start":{"line":4,"column":13},"end":{"line":6,"column":3}}]},"2":{"type":"branch","line":6,"loc":{"start":{"line":6,"column":2},"end":{"line":14,"column":29}},"locations":[{"start":{"line":6,"column":2},"end":{"line":14,"column":29}}]},"3":{"type":"branch","line":14,"loc":{"start":{"line":14,"column":15},"end":{"line":14,"column":36}},"locations":[{"start":{"line":14,"column":15},"end":{"line":14,"column":36}}]},"4":{"type":"branch","line":14,"loc":{"start":{"line":14,"column":36},"end":{"line":16,"column":3}},"locations":[{"start":{"line":14,"column":36},"end":{"line":16,"column":3}}]},"5":{"type":"branch","line":16,"loc":{"start":{"line":16,"column":2},"end":{"line":20,"column":1}},"locations":[{"start":{"line":16,"column":2},"end":{"line":20,"column":1}}]}},"b":{"0":[4],"1":[1],"2":[3],"3":[3],"4":[1],"5":[2]},"fnMap":{"0":{"name":"normalizeDate","decl":{"start":{"line":1,"column":7},"end":{"line":20,"column":1}},"loc":{"start":{"line":1,"column":7},"end":{"line":20,"column":1}},"line":1}},"f":{"0":4}}
,"/Users/jimhuertas/Documents/Apps/Final-Challenge/src/utils/dateUtils/normalizeUTCDate.ts": {"path":"/Users/jimhuertas/Documents/Apps/Final-Challenge/src/utils/dateUtils/normalizeUTCDate.ts","all":false,"statementMap":{"1":{"start":{"line":2,"column":0},"end":{"line":2,"column":48}},"2":{"start":{"line":3,"column":0},"end":{"line":3,"column":36}},"3":{"start":{"line":4,"column":0},"end":{"line":4,"column":43}},"4":{"start":{"line":5,"column":0},"end":{"line":5,"column":59}},"5":{"start":{"line":6,"column":0},"end":{"line":6,"column":19}},"6":{"start":{"line":7,"column":0},"end":{"line":7,"column":20}},"7":{"start":{"line":8,"column":0},"end":{"line":8,"column":5}},"8":{"start":{"line":9,"column":0},"end":{"line":9,"column":63}},"9":{"start":{"line":10,"column":0},"end":{"line":10,"column":41}},"10":{"start":{"line":11,"column":0},"end":{"line":11,"column":1}}},"s":{"1":1,"2":0,"3":0,"4":0,"5":0,"6":0,"7":0,"8":0,"9":0,"10":0},"branchMap":{},"b":{},"fnMap":{"0":{"name":"normalizeUTCDate","decl":{"start":{"line":2,"column":7},"end":{"line":11,"column":1}},"loc":{"start":{"line":2,"column":7},"end":{"line":11,"column":1}},"line":2}},"f":{"0":0}}
,"/Users/jimhuertas/Documents/Apps/Final-Challenge/src/utils/dateUtils/parseLocalDate.ts": {"path":"/Users/jimhuertas/Documents/Apps/Final-Challenge/src/utils/dateUtils/parseLocalDate.ts","all":false,"statementMap":{"0":{"start":{"line":1,"column":0},"end":{"line":1,"column":70}},"1":{"start":{"line":2,"column":0},"end":{"line":2,"column":36}},"2":{"start":{"line":3,"column":0},"end":{"line":3,"column":64}},"3":{"start":{"line":4,"column":0},"end":{"line":4,"column":31}},"4":{"start":{"line":5,"column":0},"end":{"line":5,"column":40}},"5":{"start":{"line":6,"column":0},"end":{"line":6,"column":22}},"6":{"start":{"line":7,"column":0},"end":{"line":7,"column":11}},"7":{"start":{"line":8,"column":0},"end":{"line":8,"column":11}},"8":{"start":{"line":9,"column":0},"end":{"line":9,"column":11}},"9":{"start":{"line":10,"column":0},"end":{"line":10,"column":11}},"10":{"start":{"line":11,"column":0},"end":{"line":11,"column":11}},"11":{"start":{"line":12,"column":0},"end":{"line":12,"column":11}},"12":{"start":{"line":13,"column":0},"end":{"line":13,"column":11}},"13":{"start":{"line":14,"column":0},"end":{"line":14,"column":11}},"14":{"start":{"line":15,"column":0},"end":{"line":15,"column":11}},"15":{"start":{"line":16,"column":0},"end":{"line":16,"column":11}},"16":{"start":{"line":17,"column":0},"end":{"line":17,"column":11}},"17":{"start":{"line":18,"column":0},"end":{"line":18,"column":11}},"18":{"start":{"line":19,"column":0},"end":{"line":19,"column":30}},"19":{"start":{"line":20,"column":0},"end":{"line":20,"column":42}},"20":{"start":{"line":21,"column":0},"end":{"line":21,"column":57}},"21":{"start":{"line":22,"column":0},"end":{"line":22,"column":1}}},"s":{"0":1,"1":0,"2":0,"3":0,"4":0,"5":0,"6":0,"7":0,"8":0,"9":0,"10":0,"11":0,"12":0,"13":0,"14":0,"15":0,"16":0,"17":0,"18":0,"19":0,"20":0,"21":0},"branchMap":{},"b":{},"fnMap":{"0":{"name":"parseLocalDate","decl":{"start":{"line":1,"column":7},"end":{"line":22,"column":1}},"loc":{"start":{"line":1,"column":7},"end":{"line":22,"column":1}},"line":1}},"f":{"0":0}}
,"/Users/jimhuertas/Documents/Apps/Final-Challenge/src/utils/pointEstimate/pointEstimate.ts": {"path":"/Users/jimhuertas/Documents/Apps/Final-Challenge/src/utils/pointEstimate/pointEstimate.ts","all":false,"statementMap":{"0":{"start":{"line":1,"column":0},"end":{"line":1,"column":56}},"2":{"start":{"line":3,"column":0},"end":{"line":3,"column":38}},"3":{"start":{"line":4,"column":0},"end":{"line":4,"column":30}},"4":{"start":{"line":5,"column":0},"end":{"line":5,"column":32}},"5":{"start":{"line":6,"column":0},"end":{"line":6,"column":26}},"6":{"start":{"line":7,"column":0},"end":{"line":7,"column":27}},"7":{"start":{"line":8,"column":0},"end":{"line":8,"column":17}},"8":{"start":{"line":9,"column":0},"end":{"line":9,"column":27}},"9":{"start":{"line":10,"column":0},"end":{"line":10,"column":17}},"10":{"start":{"line":11,"column":0},"end":{"line":11,"column":28}},"11":{"start":{"line":12,"column":0},"end":{"line":12,"column":17}},"12":{"start":{"line":13,"column":0},"end":{"line":13,"column":29}},"13":{"start":{"line":14,"column":0},"end":{"line":14,"column":17}},"14":{"start":{"line":15,"column":0},"end":{"line":15,"column":28}},"15":{"start":{"line":16,"column":0},"end":{"line":16,"column":17}},"16":{"start":{"line":17,"column":0},"end":{"line":17,"column":12}},"17":{"start":{"line":18,"column":0},"end":{"line":18,"column":17}},"18":{"start":{"line":19,"column":0},"end":{"line":19,"column":3}},"19":{"start":{"line":20,"column":0},"end":{"line":20,"column":1}},"21":{"start":{"line":22,"column":0},"end":{"line":22,"column":69}},"22":{"start":{"line":23,"column":0},"end":{"line":23,"column":18}},"23":{"start":{"line":24,"column":0},"end":{"line":24,"column":13}},"24":{"start":{"line":25,"column":0},"end":{"line":25,"column":31}},"25":{"start":{"line":26,"column":0},"end":{"line":26,"column":13}},"26":{"start":{"line":27,"column":0},"end":{"line":27,"column":31}},"27":{"start":{"line":28,"column":0},"end":{"line":28,"column":13}},"28":{"start":{"line":29,"column":0},"end":{"line":29,"column":32}},"29":{"start":{"line":30,"column":0},"end":{"line":30,"column":13}},"30":{"start":{"line":31,"column":0},"end":{"line":31,"column":33}},"31":{"start":{"line":32,"column":0},"end":{"line":32,"column":13}},"32":{"start":{"line":33,"column":0},"end":{"line":33,"column":12}},"33":{"start":{"line":34,"column":0},"end":{"line":34,"column":32}},"34":{"start":{"line":35,"column":0},"end":{"line":35,"column":3}},"35":{"start":{"line":36,"column":0},"end":{"line":36,"column":1}}},"s":{"0":1,"2":1,"3":5,"4":5,"5":5,"6":5,"7":1,"8":5,"9":1,"10":5,"11":1,"12":5,"13":1,"14":5,"15":1,"16":5,"17":0,"18":5,"19":5,"21":1,"22":7,"23":7,"24":1,"25":7,"26":1,"27":7,"28":1,"29":7,"30":1,"31":7,"32":7,"33":3,"34":7,"35":7},"branchMap":{"0":{"type":"branch","line":3,"loc":{"start":{"line":3,"column":7},"end":{"line":20,"column":1}},"locations":[{"start":{"line":3,"column":7},"end":{"line":20,"column":1}}]},"1":{"type":"branch","line":7,"loc":{"start":{"line":7,"column":4},"end":{"line":8,"column":17}},"locations":[{"start":{"line":7,"column":4},"end":{"line":8,"column":17}}]},"2":{"type":"branch","line":9,"loc":{"start":{"line":9,"column":4},"end":{"line":10,"column":17}},"locations":[{"start":{"line":9,"column":4},"end":{"line":10,"column":17}}]},"3":{"type":"branch","line":11,"loc":{"start":{"line":11,"column":4},"end":{"line":12,"column":17}},"locations":[{"start":{"line":11,"column":4},"end":{"line":12,"column":17}}]},"4":{"type":"branch","line":13,"loc":{"start":{"line":13,"column":4},"end":{"line":14,"column":17}},"locations":[{"start":{"line":13,"column":4},"end":{"line":14,"column":17}}]},"5":{"type":"branch","line":15,"loc":{"start":{"line":15,"column":4},"end":{"line":16,"column":17}},"locations":[{"start":{"line":15,"column":4},"end":{"line":16,"column":17}}]},"6":{"type":"branch","line":17,"loc":{"start":{"line":17,"column":4},"end":{"line":18,"column":17}},"locations":[{"start":{"line":17,"column":4},"end":{"line":18,"column":17}}]},"7":{"type":"branch","line":22,"loc":{"start":{"line":22,"column":7},"end":{"line":36,"column":1}},"locations":[{"start":{"line":22,"column":7},"end":{"line":36,"column":1}}]},"8":{"type":"branch","line":24,"loc":{"start":{"line":24,"column":4},"end":{"line":25,"column":31}},"locations":[{"start":{"line":24,"column":4},"end":{"line":25,"column":31}}]},"9":{"type":"branch","line":26,"loc":{"start":{"line":26,"column":4},"end":{"line":27,"column":31}},"locations":[{"start":{"line":26,"column":4},"end":{"line":27,"column":31}}]},"10":{"type":"branch","line":28,"loc":{"start":{"line":28,"column":4},"end":{"line":29,"column":32}},"locations":[{"start":{"line":28,"column":4},"end":{"line":29,"column":32}}]},"11":{"type":"branch","line":30,"loc":{"start":{"line":30,"column":4},"end":{"line":31,"column":33}},"locations":[{"start":{"line":30,"column":4},"end":{"line":31,"column":33}}]},"12":{"type":"branch","line":32,"loc":{"start":{"line":32,"column":4},"end":{"line":32,"column":13}},"locations":[{"start":{"line":32,"column":4},"end":{"line":32,"column":13}}]},"13":{"type":"branch","line":33,"loc":{"start":{"line":33,"column":4},"end":{"line":34,"column":32}},"locations":[{"start":{"line":33,"column":4},"end":{"line":34,"column":32}}]}},"b":{"0":[5],"1":[1],"2":[1],"3":[1],"4":[1],"5":[1],"6":[0],"7":[7],"8":[1],"9":[1],"10":[1],"11":[1],"12":[1],"13":[3]},"fnMap":{"0":{"name":"pointEstimateToNumber","decl":{"start":{"line":3,"column":7},"end":{"line":20,"column":1}},"loc":{"start":{"line":3,"column":7},"end":{"line":20,"column":1}},"line":3},"1":{"name":"numberToPointEstimate","decl":{"start":{"line":22,"column":7},"end":{"line":36,"column":1}},"loc":{"start":{"line":22,"column":7},"end":{"line":36,"column":1}},"line":22}},"f":{"0":5,"1":7}}
}
